{"/home/travis/build/npmtest/node-npmtest-bearcat/test.js":{"path":"/home/travis/build/npmtest/node-npmtest-bearcat/test.js","s":{"1":2,"2":2,"3":2,"4":2,"5":2,"6":2,"7":2,"8":1,"9":2,"10":2,"11":1,"12":1,"13":1,"14":1,"15":2,"16":2,"17":2,"18":2,"19":1,"20":1,"21":2,"22":2,"23":2,"24":1,"25":1,"26":1,"27":1,"28":1,"29":1,"30":1,"31":1,"32":1,"33":1,"34":1,"35":1,"36":1,"37":1,"38":1,"39":2,"40":2,"41":1,"42":2,"43":2,"44":1,"45":2,"46":2,"47":1,"48":2,"49":2,"50":1,"51":1,"52":1,"53":1,"54":1},"b":{"1":[2,1,1,1],"2":[1,1,1,1],"3":[1,1],"4":[1,1],"5":[1,1],"6":[1,1],"7":[1,1],"8":[1,1],"9":[1,1],"10":[1,1,1],"11":[1,1],"12":[1,1],"13":[1,1],"14":[1,1],"15":[1,1],"16":[1,1],"17":[1,1]},"f":{"1":2,"2":2,"3":2,"4":2,"5":2,"6":1,"7":1,"8":1,"9":2,"10":2,"11":2,"12":2,"13":1},"fnMap":{"1":{"name":"(anonymous_1)","line":12,"loc":{"start":{"line":12,"column":1},"end":{"line":12,"column":13}}},"2":{"name":"(anonymous_2)","line":19,"loc":{"start":{"line":19,"column":5},"end":{"line":19,"column":17}}},"3":{"name":"(anonymous_3)","line":23,"loc":{"start":{"line":23,"column":24},"end":{"line":23,"column":36}}},"4":{"name":"(anonymous_4)","line":61,"loc":{"start":{"line":61,"column":5},"end":{"line":61,"column":17}}},"5":{"name":"(anonymous_5)","line":82,"loc":{"start":{"line":82,"column":5},"end":{"line":82,"column":17}}},"6":{"name":"(anonymous_6)","line":91,"loc":{"start":{"line":91,"column":77},"end":{"line":94,"column":10}}},"7":{"name":"(anonymous_7)","line":112,"loc":{"start":{"line":112,"column":83},"end":{"line":115,"column":10}},"skip":true},"8":{"name":"(anonymous_8)","line":123,"loc":{"start":{"line":123,"column":77},"end":{"line":126,"column":10}},"skip":true},"9":{"name":"(anonymous_9)","line":139,"loc":{"start":{"line":139,"column":12},"end":{"line":139,"column":40}},"skip":true},"10":{"name":"(anonymous_10)","line":147,"loc":{"start":{"line":147,"column":77},"end":{"line":150,"column":10}},"skip":true},"11":{"name":"(anonymous_11)","line":158,"loc":{"start":{"line":158,"column":83},"end":{"line":161,"column":10}},"skip":true},"12":{"name":"(anonymous_12)","line":169,"loc":{"start":{"line":169,"column":79},"end":{"line":172,"column":10}},"skip":true},"13":{"name":"(anonymous_13)","line":180,"loc":{"start":{"line":180,"column":75},"end":{"line":183,"column":10}},"skip":true}},"statementMap":{"1":{"start":{"line":12,"column":0},"end":{"line":195,"column":5}},"2":{"start":{"line":14,"column":4},"end":{"line":14,"column":14}},"3":{"start":{"line":19,"column":4},"end":{"line":56,"column":9}},"4":{"start":{"line":21,"column":8},"end":{"line":21,"column":19}},"5":{"start":{"line":23,"column":8},"end":{"line":35,"column":13}},"6":{"start":{"line":24,"column":12},"end":{"line":34,"column":13}},"7":{"start":{"line":25,"column":16},"end":{"line":28,"column":30}},"8":{"start":{"line":30,"column":16},"end":{"line":33,"column":27}},"9":{"start":{"line":37,"column":8},"end":{"line":39,"column":21}},"10":{"start":{"line":40,"column":8},"end":{"line":53,"column":9}},"11":{"start":{"line":43,"column":12},"end":{"line":46,"column":14}},"12":{"start":{"line":47,"column":12},"end":{"line":47,"column":18}},"13":{"start":{"line":50,"column":12},"end":{"line":51,"column":33}},"14":{"start":{"line":52,"column":12},"end":{"line":52,"column":18}},"15":{"start":{"line":55,"column":8},"end":{"line":55,"column":35}},"16":{"start":{"line":61,"column":4},"end":{"line":63,"column":9}},"17":{"start":{"line":62,"column":8},"end":{"line":62,"column":15}},"18":{"start":{"line":64,"column":4},"end":{"line":77,"column":5}},"19":{"start":{"line":70,"column":8},"end":{"line":70,"column":14}},"20":{"start":{"line":76,"column":8},"end":{"line":76,"column":14}},"21":{"start":{"line":82,"column":4},"end":{"line":84,"column":9}},"22":{"start":{"line":83,"column":8},"end":{"line":83,"column":15}},"23":{"start":{"line":85,"column":4},"end":{"line":194,"column":5}},"24":{"start":{"line":91,"column":8},"end":{"line":99,"column":10}},"25":{"start":{"line":98,"column":12},"end":{"line":98,"column":35}},"26":{"start":{"line":102,"column":8},"end":{"line":104,"column":63}},"27":{"start":{"line":105,"column":8},"end":{"line":105,"column":14}},"28":{"start":{"line":112,"column":8},"end":{"line":121,"column":10},"skip":true},"29":{"start":{"line":119,"column":12},"end":{"line":119,"column":55},"skip":true},"30":{"start":{"line":120,"column":12},"end":{"line":120,"column":48},"skip":true},"31":{"start":{"line":123,"column":8},"end":{"line":136,"column":10},"skip":true},"32":{"start":{"line":130,"column":12},"end":{"line":130,"column":76},"skip":true},"33":{"start":{"line":131,"column":12},"end":{"line":131,"column":73},"skip":true},"34":{"start":{"line":132,"column":12},"end":{"line":132,"column":74},"skip":true},"35":{"start":{"line":133,"column":12},"end":{"line":133,"column":79},"skip":true},"36":{"start":{"line":134,"column":12},"end":{"line":134,"column":25},"skip":true},"37":{"start":{"line":135,"column":12},"end":{"line":135,"column":45},"skip":true},"38":{"start":{"line":138,"column":8},"end":{"line":145,"column":14},"skip":true},"39":{"start":{"line":143,"column":16},"end":{"line":143,"column":29},"skip":true},"40":{"start":{"line":144,"column":16},"end":{"line":144,"column":55},"skip":true},"41":{"start":{"line":147,"column":8},"end":{"line":156,"column":10},"skip":true},"42":{"start":{"line":154,"column":12},"end":{"line":154,"column":25},"skip":true},"43":{"start":{"line":155,"column":12},"end":{"line":155,"column":45},"skip":true},"44":{"start":{"line":158,"column":8},"end":{"line":167,"column":10},"skip":true},"45":{"start":{"line":165,"column":12},"end":{"line":165,"column":25},"skip":true},"46":{"start":{"line":166,"column":12},"end":{"line":166,"column":48},"skip":true},"47":{"start":{"line":169,"column":8},"end":{"line":178,"column":10},"skip":true},"48":{"start":{"line":176,"column":12},"end":{"line":176,"column":25},"skip":true},"49":{"start":{"line":177,"column":12},"end":{"line":177,"column":46},"skip":true},"50":{"start":{"line":180,"column":8},"end":{"line":189,"column":10},"skip":true},"51":{"start":{"line":187,"column":12},"end":{"line":187,"column":94},"skip":true},"52":{"start":{"line":188,"column":12},"end":{"line":188,"column":48},"skip":true},"53":{"start":{"line":192,"column":8},"end":{"line":192,"column":35},"skip":true},"54":{"start":{"line":193,"column":8},"end":{"line":193,"column":14},"skip":true}},"branchMap":{"1":{"line":25,"type":"binary-expr","locations":[{"start":{"line":25,"column":23},"end":{"line":25,"column":62}},{"start":{"line":26,"column":20},"end":{"line":26,"column":70}},{"start":{"line":27,"column":20},"end":{"line":27,"column":71}},{"start":{"line":28,"column":20},"end":{"line":28,"column":29}}]},"2":{"line":30,"type":"binary-expr","locations":[{"start":{"line":30,"column":23},"end":{"line":30,"column":37}},{"start":{"line":31,"column":20},"end":{"line":31,"column":61}},{"start":{"line":32,"column":20},"end":{"line":32,"column":70}},{"start":{"line":33,"column":20},"end":{"line":33,"column":26}}]},"3":{"line":37,"type":"cond-expr","locations":[{"start":{"line":38,"column":14},"end":{"line":38,"column":20}},{"start":{"line":39,"column":14},"end":{"line":39,"column":20}}]},"4":{"line":40,"type":"switch","locations":[{"start":{"line":42,"column":8},"end":{"line":47,"column":18}},{"start":{"line":49,"column":8},"end":{"line":52,"column":18}}]},"5":{"line":44,"type":"binary-expr","locations":[{"start":{"line":44,"column":16},"end":{"line":44,"column":44}},{"start":{"line":44,"column":48},"end":{"line":44,"column":66}}]},"6":{"line":50,"type":"binary-expr","locations":[{"start":{"line":50,"column":21},"end":{"line":50,"column":49}},{"start":{"line":50,"column":53},"end":{"line":50,"column":72}}]},"7":{"line":64,"type":"switch","locations":[{"start":{"line":69,"column":4},"end":{"line":70,"column":14}},{"start":{"line":75,"column":4},"end":{"line":76,"column":14}}]},"8":{"line":85,"type":"switch","locations":[{"start":{"line":90,"column":4},"end":{"line":105,"column":14}},{"start":{"line":111,"column":4},"end":{"line":193,"column":14},"skip":true}]},"9":{"line":91,"type":"binary-expr","locations":[{"start":{"line":91,"column":42},"end":{"line":91,"column":73}},{"start":{"line":91,"column":77},"end":{"line":99,"column":9}}]},"10":{"line":102,"type":"binary-expr","locations":[{"start":{"line":102,"column":18},"end":{"line":102,"column":32}},{"start":{"line":103,"column":12},"end":{"line":103,"column":53}},{"start":{"line":104,"column":12},"end":{"line":104,"column":61}}]},"11":{"line":112,"type":"binary-expr","locations":[{"start":{"line":112,"column":45},"end":{"line":112,"column":79},"skip":true},{"start":{"line":112,"column":83},"end":{"line":121,"column":9},"skip":true}]},"12":{"line":123,"type":"binary-expr","locations":[{"start":{"line":123,"column":42},"end":{"line":123,"column":73},"skip":true},{"start":{"line":123,"column":77},"end":{"line":136,"column":9},"skip":true}]},"13":{"line":138,"type":"binary-expr","locations":[{"start":{"line":138,"column":48},"end":{"line":138,"column":85},"skip":true},{"start":{"line":139,"column":12},"end":{"line":145,"column":13},"skip":true}]},"14":{"line":147,"type":"binary-expr","locations":[{"start":{"line":147,"column":42},"end":{"line":147,"column":73},"skip":true},{"start":{"line":147,"column":77},"end":{"line":156,"column":9},"skip":true}]},"15":{"line":158,"type":"binary-expr","locations":[{"start":{"line":158,"column":45},"end":{"line":158,"column":79},"skip":true},{"start":{"line":158,"column":83},"end":{"line":167,"column":9},"skip":true}]},"16":{"line":169,"type":"binary-expr","locations":[{"start":{"line":169,"column":43},"end":{"line":169,"column":75},"skip":true},{"start":{"line":169,"column":79},"end":{"line":178,"column":9},"skip":true}]},"17":{"line":180,"type":"binary-expr","locations":[{"start":{"line":180,"column":41},"end":{"line":180,"column":71},"skip":true},{"start":{"line":180,"column":75},"end":{"line":189,"column":9},"skip":true}]}},"code":["/* istanbul instrument in package npmtest_bearcat */","/*jslint","    bitwise: true,","    browser: true,","    maxerr: 8,","    maxlen: 96,","    node: true,","    nomen: true,","    regexp: true,","    stupid: true","*/","(function () {","    'use strict';","    var local;","","","","    // run shared js-env code - init-before","    (function () {","        // init local","        local = {};","        // init modeJs","        local.modeJs = (function () {","            try {","                return typeof navigator.userAgent === 'string' &&","                    typeof document.querySelector('body') === 'object' &&","                    typeof XMLHttpRequest.prototype.open === 'function' &&","                    'browser';","            } catch (errorCaughtBrowser) {","                return module.exports &&","                    typeof process.versions.node === 'string' &&","                    typeof require('http').createServer === 'function' &&","                    'node';","            }","        }());","        // init global","        local.global = local.modeJs === 'browser'","            ? window","            : global;","        switch (local.modeJs) {","        // re-init local from window.local","        case 'browser':","            local = local.global.utility2.objectSetDefault(","                local.global.utility2_rollup || local.global.local,","                local.global.utility2","            );","            break;","        // re-init local from example.js","        case 'node':","            local = (local.global.utility2_rollup || require('utility2'))","                .requireReadme();","            break;","        }","        // export local","        local.global.local = local;","    }());","","","","    // run shared js-env code - function","    (function () {","        return;","    }());","    switch (local.modeJs) {","","","","    // run browser js-env code - function","    case 'browser':","        break;","","","","    // run node js-env code - function","    case 'node':","        break;","    }","","","","    // run shared js-env code - init-after","    (function () {","        return;","    }());","    switch (local.modeJs) {","","","","    // run browser js-env code - init-after","    case 'browser':","        local.testCase_browser_nullCase = local.testCase_browser_nullCase || function (","            options,","            onError","        ) {","        /*","         * this function will test browsers's null-case handling-behavior-behavior","         */","            onError(null, options);","        };","","        // run tests","        local.nop(local.modeTest &&","            document.querySelector('#testRunButton1') &&","            document.querySelector('#testRunButton1').click());","        break;","","","","    // run node js-env code - init-after","    /* istanbul ignore next */","    case 'node':","        local.testCase_buildApidoc_default = local.testCase_buildApidoc_default || function (","            options,","            onError","        ) {","        /*","         * this function will test buildApidoc's default handling-behavior-behavior","         */","            options = { modulePathList: module.paths };","            local.buildApidoc(options, onError);","        };","","        local.testCase_buildApp_default = local.testCase_buildApp_default || function (","            options,","            onError","        ) {","        /*","         * this function will test buildApp's default handling-behavior-behavior","         */","            local.testCase_buildReadme_default(options, local.onErrorThrow);","            local.testCase_buildLib_default(options, local.onErrorThrow);","            local.testCase_buildTest_default(options, local.onErrorThrow);","            local.testCase_buildCustomOrg_default(options, local.onErrorThrow);","            options = [];","            local.buildApp(options, onError);","        };","","        local.testCase_buildCustomOrg_default = local.testCase_buildCustomOrg_default ||","            function (options, onError) {","            /*","             * this function will test buildCustomOrg's default handling-behavior","             */","                options = {};","                local.buildCustomOrg(options, onError);","            };","","        local.testCase_buildLib_default = local.testCase_buildLib_default || function (","            options,","            onError","        ) {","        /*","         * this function will test buildLib's default handling-behavior","         */","            options = {};","            local.buildLib(options, onError);","        };","","        local.testCase_buildReadme_default = local.testCase_buildReadme_default || function (","            options,","            onError","        ) {","        /*","         * this function will test buildReadme's default handling-behavior-behavior","         */","            options = {};","            local.buildReadme(options, onError);","        };","","        local.testCase_buildTest_default = local.testCase_buildTest_default || function (","            options,","            onError","        ) {","        /*","         * this function will test buildTest's default handling-behavior","         */","            options = {};","            local.buildTest(options, onError);","        };","","        local.testCase_webpage_default = local.testCase_webpage_default || function (","            options,","            onError","        ) {","        /*","         * this function will test webpage's default handling-behavior","         */","            options = { modeCoverageMerge: true, url: local.serverLocalHost + '?modeTest=1' };","            local.browserTest(options, onError);","        };","","        // run test-server","        local.testRunServer(local);","        break;","    }","}());",""],"l":{"12":2,"14":2,"19":2,"21":2,"23":2,"24":2,"25":2,"30":1,"37":2,"40":2,"43":1,"47":1,"50":1,"52":1,"55":2,"61":2,"62":2,"64":2,"70":1,"76":1,"82":2,"83":2,"85":2,"91":1,"98":1,"102":1,"105":1,"112":1,"119":1,"120":1,"123":1,"130":1,"131":1,"132":1,"133":1,"134":1,"135":1,"138":1,"143":2,"144":2,"147":1,"154":2,"155":2,"158":1,"165":2,"166":2,"169":1,"176":2,"177":2,"180":1,"187":1,"188":1,"192":1,"193":1}},"/home/travis/build/npmtest/node-npmtest-bearcat/lib.npmtest_bearcat.js":{"path":"/home/travis/build/npmtest/node-npmtest-bearcat/lib.npmtest_bearcat.js","s":{"1":2,"2":2,"3":2,"4":2,"5":2,"6":2,"7":2,"8":1,"9":2,"10":2,"11":2,"12":2,"13":1,"14":1,"15":1,"16":1},"b":{"1":[2,1,1,1],"2":[1,1,1,1],"3":[1,1],"4":[2,2],"5":[1,1]},"f":{"1":2,"2":2,"3":2},"fnMap":{"1":{"name":"(anonymous_1)","line":12,"loc":{"start":{"line":12,"column":1},"end":{"line":12,"column":13}}},"2":{"name":"(anonymous_2)","line":19,"loc":{"start":{"line":19,"column":5},"end":{"line":19,"column":17}}},"3":{"name":"(anonymous_3)","line":23,"loc":{"start":{"line":23,"column":24},"end":{"line":23,"column":36}}}},"statementMap":{"1":{"start":{"line":12,"column":0},"end":{"line":53,"column":5}},"2":{"start":{"line":14,"column":4},"end":{"line":14,"column":14}},"3":{"start":{"line":19,"column":4},"end":{"line":52,"column":9}},"4":{"start":{"line":21,"column":8},"end":{"line":21,"column":19}},"5":{"start":{"line":23,"column":8},"end":{"line":35,"column":13}},"6":{"start":{"line":24,"column":12},"end":{"line":34,"column":13}},"7":{"start":{"line":25,"column":16},"end":{"line":28,"column":30}},"8":{"start":{"line":30,"column":16},"end":{"line":33,"column":27}},"9":{"start":{"line":37,"column":8},"end":{"line":39,"column":21}},"10":{"start":{"line":41,"column":8},"end":{"line":41,"column":54}},"11":{"start":{"line":43,"column":8},"end":{"line":43,"column":52}},"12":{"start":{"line":45,"column":8},"end":{"line":51,"column":9}},"13":{"start":{"line":46,"column":12},"end":{"line":46,"column":58}},"14":{"start":{"line":48,"column":12},"end":{"line":48,"column":35}},"15":{"start":{"line":49,"column":12},"end":{"line":49,"column":49}},"16":{"start":{"line":50,"column":12},"end":{"line":50,"column":43}}},"branchMap":{"1":{"line":25,"type":"binary-expr","locations":[{"start":{"line":25,"column":23},"end":{"line":25,"column":62}},{"start":{"line":26,"column":20},"end":{"line":26,"column":70}},{"start":{"line":27,"column":20},"end":{"line":27,"column":71}},{"start":{"line":28,"column":20},"end":{"line":28,"column":29}}]},"2":{"line":30,"type":"binary-expr","locations":[{"start":{"line":30,"column":23},"end":{"line":30,"column":37}},{"start":{"line":31,"column":20},"end":{"line":31,"column":61}},{"start":{"line":32,"column":20},"end":{"line":32,"column":70}},{"start":{"line":33,"column":20},"end":{"line":33,"column":26}}]},"3":{"line":37,"type":"cond-expr","locations":[{"start":{"line":38,"column":14},"end":{"line":38,"column":20}},{"start":{"line":39,"column":14},"end":{"line":39,"column":20}}]},"4":{"line":41,"type":"binary-expr","locations":[{"start":{"line":41,"column":16},"end":{"line":41,"column":44}},{"start":{"line":41,"column":48},"end":{"line":41,"column":53}}]},"5":{"line":45,"type":"if","locations":[{"start":{"line":45,"column":8},"end":{"line":45,"column":8}},{"start":{"line":45,"column":8},"end":{"line":45,"column":8}}]}},"code":["/* istanbul instrument in package npmtest_bearcat */","/*jslint","    bitwise: true,","    browser: true,","    maxerr: 8,","    maxlen: 96,","    node: true,","    nomen: true,","    regexp: true,","    stupid: true","*/","(function () {","    'use strict';","    var local;","","","","    // run shared js-env code - init-before","    (function () {","        // init local","        local = {};","        // init modeJs","        local.modeJs = (function () {","            try {","                return typeof navigator.userAgent === 'string' &&","                    typeof document.querySelector('body') === 'object' &&","                    typeof XMLHttpRequest.prototype.open === 'function' &&","                    'browser';","            } catch (errorCaughtBrowser) {","                return module.exports &&","                    typeof process.versions.node === 'string' &&","                    typeof require('http').createServer === 'function' &&","                    'node';","            }","        }());","        // init global","        local.global = local.modeJs === 'browser'","            ? window","            : global;","        // init utility2_rollup","        local = local.global.utility2_rollup || local;","        // init lib","        local.local = local.npmtest_bearcat = local;","        // init exports","        if (local.modeJs === 'browser') {","            local.global.utility2_npmtest_bearcat = local;","        } else {","            module.exports = local;","            module.exports.__dirname = __dirname;","            module.exports.module = module;","        }","    }());","}());",""],"l":{"12":2,"14":2,"19":2,"21":2,"23":2,"24":2,"25":2,"30":1,"37":2,"41":2,"43":2,"45":2,"46":1,"48":1,"49":1,"50":1}},"/home/travis/build/npmtest/node-npmtest-bearcat/example.js":{"path":"/home/travis/build/npmtest/node-npmtest-bearcat/example.js","s":{"1":2,"2":2,"3":2,"4":2,"5":2,"6":2,"7":2,"8":1,"9":2,"10":2,"11":2,"12":2,"13":1,"14":2,"15":2,"16":2,"17":2,"18":2,"19":0,"20":2,"21":1,"22":1,"23":1,"24":1,"25":1,"26":0,"27":0,"28":1,"29":1,"30":2,"31":0,"32":0,"33":0,"34":1,"35":2,"36":2,"37":3,"38":3,"39":3,"40":3,"41":0,"42":3,"43":3,"44":3,"45":1,"46":3,"47":1,"48":1,"49":1,"50":1,"51":1,"52":1,"53":1,"54":1,"55":1,"56":1,"57":0,"58":1,"59":6,"60":6,"61":1,"62":2,"63":0,"64":2,"65":1,"66":1,"67":0,"68":0,"69":0,"70":0,"71":0,"72":0,"73":0,"74":0,"75":0,"76":0,"77":0,"78":0,"79":0,"80":0,"81":0,"82":0,"83":0},"b":{"1":[2,1,1,1],"2":[1,1,1,1],"3":[1,1],"4":[2,2],"5":[1,1],"6":[1,1],"7":[2,0],"8":[2,1,1,1,1,1],"9":[0,2,0],"10":[1,1],"11":[2,1,1],"12":[1,0],"13":[0,2],"14":[2,0,0,0,0,0,0],"15":[0,3],"16":[3,0],"17":[1,1],"18":[0,1],"19":[1,2,0,2],"20":[1,0],"21":[1,1],"22":[0,0],"23":[0,0],"24":[0,0],"25":[0,0],"26":[0,0],"27":[0,0],"28":[0,0]},"f":{"1":2,"2":2,"3":2,"4":2,"5":2,"6":2,"7":3,"8":3,"9":3,"10":1,"11":6,"12":0},"fnMap":{"1":{"name":"(anonymous_1)","line":26,"loc":{"start":{"line":26,"column":1},"end":{"line":26,"column":13}}},"2":{"name":"(anonymous_2)","line":33,"loc":{"start":{"line":33,"column":5},"end":{"line":33,"column":17}}},"3":{"name":"(anonymous_3)","line":37,"loc":{"start":{"line":37,"column":24},"end":{"line":37,"column":36}}},"4":{"name":"(anonymous_4)","line":69,"loc":{"start":{"line":69,"column":31},"end":{"line":69,"column":48}},"skip":true},"5":{"name":"(anonymous_5)","line":78,"loc":{"start":{"line":78,"column":26},"end":{"line":78,"column":45}},"skip":true},"6":{"name":"(anonymous_6)","line":123,"loc":{"start":{"line":123,"column":33},"end":{"line":123,"column":48}},"skip":true},"7":{"name":"(anonymous_7)","line":125,"loc":{"start":{"line":125,"column":27},"end":{"line":125,"column":39}},"skip":true},"8":{"name":"(anonymous_8)","line":133,"loc":{"start":{"line":133,"column":59},"end":{"line":133,"column":74}},"skip":true},"9":{"name":"(anonymous_9)","line":143,"loc":{"start":{"line":143,"column":45},"end":{"line":143,"column":62}},"skip":true},"10":{"name":"(anonymous_10)","line":144,"loc":{"start":{"line":144,"column":73},"end":{"line":144,"column":92}},"skip":true},"11":{"name":"(anonymous_11)","line":272,"loc":{"start":{"line":272,"column":51},"end":{"line":272,"column":77}},"skip":true},"12":{"name":"(anonymous_12)","line":315,"loc":{"start":{"line":315,"column":32},"end":{"line":315,"column":61}},"skip":true}},"statementMap":{"1":{"start":{"line":26,"column":0},"end":{"line":326,"column":5}},"2":{"start":{"line":28,"column":4},"end":{"line":28,"column":14}},"3":{"start":{"line":33,"column":4},"end":{"line":60,"column":9}},"4":{"start":{"line":35,"column":8},"end":{"line":35,"column":19}},"5":{"start":{"line":37,"column":8},"end":{"line":49,"column":13}},"6":{"start":{"line":38,"column":12},"end":{"line":48,"column":13}},"7":{"start":{"line":39,"column":16},"end":{"line":42,"column":30}},"8":{"start":{"line":44,"column":16},"end":{"line":47,"column":27}},"9":{"start":{"line":51,"column":8},"end":{"line":53,"column":21}},"10":{"start":{"line":55,"column":8},"end":{"line":57,"column":45}},"11":{"start":{"line":59,"column":8},"end":{"line":59,"column":35}},"12":{"start":{"line":61,"column":4},"end":{"line":325,"column":5}},"13":{"start":{"line":69,"column":8},"end":{"line":121,"column":10},"skip":true},"14":{"start":{"line":70,"column":12},"end":{"line":88,"column":13},"skip":true},"15":{"start":{"line":76,"column":16},"end":{"line":87,"column":19},"skip":true},"16":{"start":{"line":79,"column":20},"end":{"line":86,"column":21},"skip":true},"17":{"start":{"line":82,"column":24},"end":{"line":82,"column":43},"skip":true},"18":{"start":{"line":83,"column":24},"end":{"line":83,"column":30},"skip":true},"19":{"start":{"line":85,"column":24},"end":{"line":85,"column":49},"skip":true},"20":{"start":{"line":89,"column":12},"end":{"line":107,"column":13},"skip":true},"21":{"start":{"line":92,"column":16},"end":{"line":102,"column":17},"skip":true},"22":{"start":{"line":93,"column":20},"end":{"line":93,"column":86},"skip":true},"23":{"start":{"line":94,"column":20},"end":{"line":95,"column":45},"skip":true},"24":{"start":{"line":96,"column":20},"end":{"line":96,"column":42},"skip":true},"25":{"start":{"line":97,"column":20},"end":{"line":97,"column":48},"skip":true},"26":{"start":{"line":100,"column":20},"end":{"line":100,"column":85},"skip":true},"27":{"start":{"line":101,"column":20},"end":{"line":101,"column":96},"skip":true},"28":{"start":{"line":103,"column":16},"end":{"line":103,"column":22},"skip":true},"29":{"start":{"line":106,"column":16},"end":{"line":106,"column":22},"skip":true},"30":{"start":{"line":108,"column":12},"end":{"line":120,"column":13},"skip":true},"31":{"start":{"line":114,"column":16},"end":{"line":119,"column":17},"skip":true},"32":{"start":{"line":116,"column":20},"end":{"line":116,"column":78},"skip":true},"33":{"start":{"line":118,"column":20},"end":{"line":118,"column":47},"skip":true},"34":{"start":{"line":123,"column":8},"end":{"line":141,"column":11},"skip":true},"35":{"start":{"line":124,"column":12},"end":{"line":124,"column":54},"skip":true},"36":{"start":{"line":125,"column":12},"end":{"line":140,"column":14},"skip":true},"37":{"start":{"line":126,"column":16},"end":{"line":126,"column":28},"skip":true},"38":{"start":{"line":127,"column":16},"end":{"line":127,"column":69},"skip":true},"39":{"start":{"line":128,"column":16},"end":{"line":128,"column":75},"skip":true},"40":{"start":{"line":129,"column":16},"end":{"line":131,"column":17},"skip":true},"41":{"start":{"line":130,"column":20},"end":{"line":130,"column":27},"skip":true},"42":{"start":{"line":133,"column":16},"end":{"line":137,"column":36},"skip":true},"43":{"start":{"line":134,"column":20},"end":{"line":136,"column":55},"skip":true},"44":{"start":{"line":139,"column":16},"end":{"line":139,"column":57},"skip":true},"45":{"start":{"line":143,"column":8},"end":{"line":147,"column":11},"skip":true},"46":{"start":{"line":144,"column":12},"end":{"line":146,"column":15},"skip":true},"47":{"start":{"line":145,"column":16},"end":{"line":145,"column":70},"skip":true},"48":{"start":{"line":149,"column":8},"end":{"line":149,"column":31},"skip":true},"49":{"start":{"line":150,"column":8},"end":{"line":150,"column":14},"skip":true},"50":{"start":{"line":158,"column":8},"end":{"line":158,"column":31},"skip":true},"51":{"start":{"line":160,"column":8},"end":{"line":160,"column":33},"skip":true},"52":{"start":{"line":161,"column":8},"end":{"line":161,"column":37},"skip":true},"53":{"start":{"line":162,"column":8},"end":{"line":162,"column":35},"skip":true},"54":{"start":{"line":164,"column":8},"end":{"line":164,"column":50},"skip":true},"55":{"start":{"line":166,"column":8},"end":{"line":256,"column":2},"skip":true},"56":{"start":{"line":258,"column":8},"end":{"line":286,"column":9},"skip":true},"57":{"start":{"line":259,"column":12},"end":{"line":269,"column":14},"skip":true},"58":{"start":{"line":271,"column":12},"end":{"line":285,"column":19},"skip":true},"59":{"start":{"line":274,"column":20},"end":{"line":274,"column":35},"skip":true},"60":{"start":{"line":275,"column":20},"end":{"line":284,"column":21},"skip":true},"61":{"start":{"line":277,"column":24},"end":{"line":277,"column":64},"skip":true},"62":{"start":{"line":279,"column":24},"end":{"line":279,"column":40},"skip":true},"63":{"start":{"line":281,"column":24},"end":{"line":281,"column":40},"skip":true},"64":{"start":{"line":283,"column":24},"end":{"line":283,"column":39},"skip":true},"65":{"start":{"line":288,"column":8},"end":{"line":290,"column":9},"skip":true},"66":{"start":{"line":289,"column":12},"end":{"line":289,"column":18},"skip":true},"67":{"start":{"line":291,"column":8},"end":{"line":293,"column":54},"skip":true},"68":{"start":{"line":296,"column":8},"end":{"line":301,"column":37},"skip":true},"69":{"start":{"line":303,"column":8},"end":{"line":303,"column":82},"skip":true},"70":{"start":{"line":306,"column":8},"end":{"line":308,"column":9},"skip":true},"71":{"start":{"line":307,"column":12},"end":{"line":307,"column":82},"skip":true},"72":{"start":{"line":310,"column":8},"end":{"line":312,"column":9},"skip":true},"73":{"start":{"line":311,"column":12},"end":{"line":311,"column":18},"skip":true},"74":{"start":{"line":313,"column":8},"end":{"line":313,"column":54},"skip":true},"75":{"start":{"line":314,"column":8},"end":{"line":314,"column":69},"skip":true},"76":{"start":{"line":315,"column":8},"end":{"line":323,"column":36},"skip":true},"77":{"start":{"line":316,"column":12},"end":{"line":316,"column":61},"skip":true},"78":{"start":{"line":317,"column":12},"end":{"line":320,"column":13},"skip":true},"79":{"start":{"line":318,"column":16},"end":{"line":318,"column":75},"skip":true},"80":{"start":{"line":319,"column":16},"end":{"line":319,"column":23},"skip":true},"81":{"start":{"line":321,"column":12},"end":{"line":321,"column":38},"skip":true},"82":{"start":{"line":322,"column":12},"end":{"line":322,"column":27},"skip":true},"83":{"start":{"line":324,"column":8},"end":{"line":324,"column":14},"skip":true}},"branchMap":{"1":{"line":39,"type":"binary-expr","locations":[{"start":{"line":39,"column":23},"end":{"line":39,"column":62}},{"start":{"line":40,"column":20},"end":{"line":40,"column":70}},{"start":{"line":41,"column":20},"end":{"line":41,"column":71}},{"start":{"line":42,"column":20},"end":{"line":42,"column":29}}]},"2":{"line":44,"type":"binary-expr","locations":[{"start":{"line":44,"column":23},"end":{"line":44,"column":37}},{"start":{"line":45,"column":20},"end":{"line":45,"column":61}},{"start":{"line":46,"column":20},"end":{"line":46,"column":70}},{"start":{"line":47,"column":20},"end":{"line":47,"column":26}}]},"3":{"line":51,"type":"cond-expr","locations":[{"start":{"line":52,"column":14},"end":{"line":52,"column":20}},{"start":{"line":53,"column":14},"end":{"line":53,"column":20}}]},"4":{"line":55,"type":"binary-expr","locations":[{"start":{"line":55,"column":16},"end":{"line":55,"column":44}},{"start":{"line":55,"column":49},"end":{"line":57,"column":43}}]},"5":{"line":55,"type":"cond-expr","locations":[{"start":{"line":56,"column":14},"end":{"line":56,"column":51}},{"start":{"line":57,"column":14},"end":{"line":57,"column":43}}]},"6":{"line":61,"type":"switch","locations":[{"start":{"line":68,"column":4},"end":{"line":150,"column":14},"skip":true},{"start":{"line":156,"column":4},"end":{"line":324,"column":14},"skip":true}]},"7":{"line":70,"type":"if","locations":[{"start":{"line":70,"column":12},"end":{"line":70,"column":12},"skip":true},{"start":{"line":70,"column":12},"end":{"line":70,"column":12},"skip":true}]},"8":{"line":70,"type":"binary-expr","locations":[{"start":{"line":70,"column":16},"end":{"line":70,"column":22},"skip":true},{"start":{"line":70,"column":27},"end":{"line":70,"column":32},"skip":true},{"start":{"line":71,"column":20},"end":{"line":71,"column":39},"skip":true},{"start":{"line":72,"column":20},"end":{"line":72,"column":49},"skip":true},{"start":{"line":73,"column":20},"end":{"line":73,"column":58},"skip":true},{"start":{"line":74,"column":20},"end":{"line":74,"column":69},"skip":true}]},"9":{"line":79,"type":"switch","locations":[{"start":{"line":80,"column":20},"end":{"line":80,"column":33},"skip":true},{"start":{"line":81,"column":20},"end":{"line":83,"column":30},"skip":true},{"start":{"line":84,"column":20},"end":{"line":85,"column":49},"skip":true}]},"10":{"line":89,"type":"switch","locations":[{"start":{"line":90,"column":12},"end":{"line":103,"column":22},"skip":true},{"start":{"line":105,"column":12},"end":{"line":106,"column":22},"skip":true}]},"11":{"line":89,"type":"binary-expr","locations":[{"start":{"line":89,"column":20},"end":{"line":89,"column":25},"skip":true},{"start":{"line":89,"column":29},"end":{"line":89,"column":48},"skip":true},{"start":{"line":89,"column":52},"end":{"line":89,"column":74},"skip":true}]},"12":{"line":92,"type":"if","locations":[{"start":{"line":92,"column":16},"end":{"line":92,"column":16},"skip":true},{"start":{"line":92,"column":16},"end":{"line":92,"column":16},"skip":true}]},"13":{"line":108,"type":"if","locations":[{"start":{"line":108,"column":12},"end":{"line":108,"column":12},"skip":true},{"start":{"line":108,"column":12},"end":{"line":108,"column":12},"skip":true}]},"14":{"line":108,"type":"binary-expr","locations":[{"start":{"line":108,"column":16},"end":{"line":108,"column":61},"skip":true},{"start":{"line":108,"column":66},"end":{"line":108,"column":72},"skip":true},{"start":{"line":108,"column":77},"end":{"line":108,"column":82},"skip":true},{"start":{"line":109,"column":20},"end":{"line":109,"column":39},"skip":true},{"start":{"line":110,"column":20},"end":{"line":110,"column":49},"skip":true},{"start":{"line":111,"column":20},"end":{"line":111,"column":58},"skip":true},{"start":{"line":112,"column":20},"end":{"line":112,"column":68},"skip":true}]},"15":{"line":129,"type":"if","locations":[{"start":{"line":129,"column":16},"end":{"line":129,"column":16},"skip":true},{"start":{"line":129,"column":16},"end":{"line":129,"column":16},"skip":true}]},"16":{"line":134,"type":"cond-expr","locations":[{"start":{"line":135,"column":26},"end":{"line":135,"column":29},"skip":true},{"start":{"line":136,"column":26},"end":{"line":136,"column":54},"skip":true}]},"17":{"line":164,"type":"binary-expr","locations":[{"start":{"line":164,"column":27},"end":{"line":164,"column":43},"skip":true},{"start":{"line":164,"column":47},"end":{"line":164,"column":49},"skip":true}]},"18":{"line":258,"type":"if","locations":[{"start":{"line":258,"column":8},"end":{"line":258,"column":8},"skip":true},{"start":{"line":258,"column":8},"end":{"line":258,"column":8},"skip":true}]},"19":{"line":275,"type":"switch","locations":[{"start":{"line":276,"column":20},"end":{"line":277,"column":64},"skip":true},{"start":{"line":278,"column":20},"end":{"line":279,"column":40},"skip":true},{"start":{"line":280,"column":20},"end":{"line":281,"column":40},"skip":true},{"start":{"line":282,"column":20},"end":{"line":283,"column":39},"skip":true}]},"20":{"line":288,"type":"if","locations":[{"start":{"line":288,"column":8},"end":{"line":288,"column":8},"skip":true},{"start":{"line":288,"column":8},"end":{"line":288,"column":8},"skip":true}]},"21":{"line":288,"type":"binary-expr","locations":[{"start":{"line":288,"column":12},"end":{"line":288,"column":40},"skip":true},{"start":{"line":288,"column":44},"end":{"line":288,"column":67},"skip":true}]},"22":{"line":292,"type":"binary-expr","locations":[{"start":{"line":292,"column":12},"end":{"line":292,"column":50},"skip":true},{"start":{"line":293,"column":12},"end":{"line":293,"column":53},"skip":true}]},"23":{"line":297,"type":"binary-expr","locations":[{"start":{"line":297,"column":12},"end":{"line":297,"column":65},"skip":true},{"start":{"line":298,"column":12},"end":{"line":301,"column":36},"skip":true}]},"24":{"line":303,"type":"binary-expr","locations":[{"start":{"line":303,"column":43},"end":{"line":303,"column":75},"skip":true},{"start":{"line":303,"column":79},"end":{"line":303,"column":81},"skip":true}]},"25":{"line":306,"type":"if","locations":[{"start":{"line":306,"column":8},"end":{"line":306,"column":8},"skip":true},{"start":{"line":306,"column":8},"end":{"line":306,"column":8},"skip":true}]},"26":{"line":310,"type":"if","locations":[{"start":{"line":310,"column":8},"end":{"line":310,"column":8},"skip":true},{"start":{"line":310,"column":8},"end":{"line":310,"column":8},"skip":true}]},"27":{"line":313,"type":"binary-expr","locations":[{"start":{"line":313,"column":27},"end":{"line":313,"column":43},"skip":true},{"start":{"line":313,"column":47},"end":{"line":313,"column":53},"skip":true}]},"28":{"line":317,"type":"if","locations":[{"start":{"line":317,"column":12},"end":{"line":317,"column":12},"skip":true},{"start":{"line":317,"column":12},"end":{"line":317,"column":12},"skip":true}]}},"code":["/*","example.js","","quickstart example","","instruction","    1. save this script as example.js","    2. run the shell command:","        $ npm install npmtest-bearcat && PORT=8081 node example.js","    3. play with the browser-demo on http://127.0.0.1:8081","*/","","","","/* istanbul instrument in package npmtest_bearcat */","/*jslint","    bitwise: true,","    browser: true,","    maxerr: 8,","    maxlen: 96,","    node: true,","    nomen: true,","    regexp: true,","    stupid: true","*/","(function () {","    'use strict';","    var local;","","","","    // run shared js-env code - init-before","    (function () {","        // init local","        local = {};","        // init modeJs","        local.modeJs = (function () {","            try {","                return typeof navigator.userAgent === 'string' &&","                    typeof document.querySelector('body') === 'object' &&","                    typeof XMLHttpRequest.prototype.open === 'function' &&","                    'browser';","            } catch (errorCaughtBrowser) {","                return module.exports &&","                    typeof process.versions.node === 'string' &&","                    typeof require('http').createServer === 'function' &&","                    'node';","            }","        }());","        // init global","        local.global = local.modeJs === 'browser'","            ? window","            : global;","        // init utility2_rollup","        local = local.global.utility2_rollup || (local.modeJs === 'browser'","            ? local.global.utility2_npmtest_bearcat","            : global.utility2_moduleExports);","        // export local","        local.global.local = local;","    }());","    switch (local.modeJs) {","","","","    // init-after","    // run browser js-env code - init-after","    /* istanbul ignore next */","    case 'browser':","        local.testRunBrowser = function (event) {","            if (!event || (event &&","                    event.currentTarget &&","                    event.currentTarget.className &&","                    event.currentTarget.className.includes &&","                    event.currentTarget.className.includes('onreset'))) {","                // reset output","                Array.from(","                    document.querySelectorAll('body > .resettable')","                ).forEach(function (element) {","                    switch (element.tagName) {","                    case 'INPUT':","                    case 'TEXTAREA':","                        element.value = '';","                        break;","                    default:","                        element.textContent = '';","                    }","                });","            }","            switch (event && event.currentTarget && event.currentTarget.id) {","            case 'testRunButton1':","                // show tests","                if (document.querySelector('#testReportDiv1').style.display === 'none') {","                    document.querySelector('#testReportDiv1').style.display = 'block';","                    document.querySelector('#testRunButton1').textContent =","                        'hide internal test';","                    local.modeTest = true;","                    local.testRunDefault(local);","                // hide tests","                } else {","                    document.querySelector('#testReportDiv1').style.display = 'none';","                    document.querySelector('#testRunButton1').textContent = 'run internal test';","                }","                break;","            // custom-case","            default:","                break;","            }","            if (document.querySelector('#inputTextareaEval1') && (!event || (event &&","                    event.currentTarget &&","                    event.currentTarget.className &&","                    event.currentTarget.className.includes &&","                    event.currentTarget.className.includes('oneval')))) {","                // try to eval input-code","                try {","                    /*jslint evil: true*/","                    eval(document.querySelector('#inputTextareaEval1').value);","                } catch (errorCaught) {","                    console.error(errorCaught);","                }","            }","        };","        // log stderr and stdout to #outputTextareaStdout1","        ['error', 'log'].forEach(function (key) {","            console[key + '_original'] = console[key];","            console[key] = function () {","                var element;","                console[key + '_original'].apply(console, arguments);","                element = document.querySelector('#outputTextareaStdout1');","                if (!element) {","                    return;","                }","                // append text to #outputTextareaStdout1","                element.value += Array.from(arguments).map(function (arg) {","                    return typeof arg === 'string'","                        ? arg","                        : JSON.stringify(arg, null, 4);","                }).join(' ') + '\\n';","                // scroll textarea to bottom","                element.scrollTop = element.scrollHeight;","            };","        });","        // init event-handling","        ['change', 'click', 'keyup'].forEach(function (event) {","            Array.from(document.querySelectorAll('.on' + event)).forEach(function (element) {","                element.addEventListener(event, local.testRunBrowser);","            });","        });","        // run tests","        local.testRunBrowser();","        break;","","","","    // run node js-env code - init-after","    /* istanbul ignore next */","    case 'node':","        // export local","        module.exports = local;","        // require modules","        local.fs = require('fs');","        local.http = require('http');","        local.url = require('url');","        // init assets","        local.assetsDict = local.assetsDict || {};","        /* jslint-ignore-begin */","        local.assetsDict['/assets.index.template.html'] = '\\","<!doctype html>\\n\\","<html lang=\"en\">\\n\\","<head>\\n\\","<meta charset=\"UTF-8\">\\n\\","<meta name=\"viewport\" content=\"width=device-width, initial-scale=1\">\\n\\","<title>{{env.npm_package_name}} (v{{env.npm_package_version}})</title>\\n\\","<style>\\n\\","/*csslint\\n\\","    box-sizing: false,\\n\\","    universal-selector: false\\n\\","*/\\n\\","* {\\n\\","    box-sizing: border-box;\\n\\","}\\n\\","body {\\n\\","    background: #dde;\\n\\","    font-family: Arial, Helvetica, sans-serif;\\n\\","    margin: 2rem;\\n\\","}\\n\\","body > * {\\n\\","    margin-bottom: 1rem;\\n\\","}\\n\\",".utility2FooterDiv {\\n\\","    margin-top: 20px;\\n\\","    text-align: center;\\n\\","}\\n\\","</style>\\n\\","<style>\\n\\","/*csslint\\n\\","*/\\n\\","textarea {\\n\\","    font-family: monospace;\\n\\","    height: 10rem;\\n\\","    width: 100%;\\n\\","}\\n\\","textarea[readonly] {\\n\\","    background: #ddd;\\n\\","}\\n\\","</style>\\n\\","</head>\\n\\","<body>\\n\\","<!-- utility2-comment\\n\\","<div id=\"ajaxProgressDiv1\" style=\"background: #d00; height: 2px; left: 0; margin: 0; padding: 0; position: fixed; top: 0; transition: background 0.5s, width 1.5s; width: 25%;\"></div>\\n\\","utility2-comment -->\\n\\","<h1>\\n\\","<!-- utility2-comment\\n\\","    <a\\n\\","        {{#if env.npm_package_homepage}}\\n\\","        href=\"{{env.npm_package_homepage}}\"\\n\\","        {{/if env.npm_package_homepage}}\\n\\","        target=\"_blank\"\\n\\","    >\\n\\","utility2-comment -->\\n\\","        {{env.npm_package_name}} (v{{env.npm_package_version}})\\n\\","<!-- utility2-comment\\n\\","    </a>\\n\\","utility2-comment -->\\n\\","</h1>\\n\\","<h3>{{env.npm_package_description}}</h3>\\n\\","<!-- utility2-comment\\n\\","<h4><a download href=\"assets.app.js\">download standalone app</a></h4>\\n\\","<button class=\"onclick onreset\" id=\"testRunButton1\">run internal test</button><br>\\n\\","<div id=\"testReportDiv1\" style=\"display: none;\"></div>\\n\\","utility2-comment -->\\n\\","\\n\\","\\n\\","\\n\\","<label>stderr and stdout</label>\\n\\","<textarea class=\"resettable\" id=\"outputTextareaStdout1\" readonly></textarea>\\n\\","<!-- utility2-comment\\n\\","{{#if isRollup}}\\n\\","<script src=\"assets.app.js\"></script>\\n\\","{{#unless isRollup}}\\n\\","utility2-comment -->\\n\\","<script src=\"assets.utility2.rollup.js\"></script>\\n\\","<script src=\"jsonp.utility2._stateInit?callback=window.utility2._stateInit\"></script>\\n\\","<script src=\"assets.npmtest_bearcat.rollup.js\"></script>\\n\\","<script src=\"assets.example.js\"></script>\\n\\","<script src=\"assets.test.js\"></script>\\n\\","<!-- utility2-comment\\n\\","{{/if isRollup}}\\n\\","utility2-comment -->\\n\\","<div class=\"utility2FooterDiv\">\\n\\","    [ this app was created with\\n\\","    <a href=\"https://github.com/kaizhu256/node-utility2\" target=\"_blank\">utility2</a>\\n\\","    ]\\n\\","</div>\\n\\","</body>\\n\\","</html>\\n\\","';","        /* jslint-ignore-end */","        if (local.templateRender) {","            local.assetsDict['/'] = local.templateRender(","                local.assetsDict['/assets.index.template.html'],","                {","                    env: local.objectSetDefault(local.env, {","                        npm_package_description: 'the greatest app in the world!',","                        npm_package_name: 'my-app',","                        npm_package_nameAlias: 'my_app',","                        npm_package_version: '0.0.1'","                    })","                }","            );","        } else {","            local.assetsDict['/'] = local.assetsDict['/assets.index.template.html']","                .replace((/\\{\\{env\\.(\\w+?)\\}\\}/g), function (match0, match1) {","                    // jslint-hack","                    String(match0);","                    switch (match1) {","                    case 'npm_package_description':","                        return 'the greatest app in the world!';","                    case 'npm_package_name':","                        return 'my-app';","                    case 'npm_package_nameAlias':","                        return 'my_app';","                    case 'npm_package_version':","                        return '0.0.1';","                    }","                });","        }","        // run the cli","        if (local.global.utility2_rollup || module !== require.main) {","            break;","        }","        local.assetsDict['/assets.example.js'] =","            local.assetsDict['/assets.example.js'] ||","            local.fs.readFileSync(__filename, 'utf8');","        // bug-workaround - long $npm_package_buildCustomOrg","        /* jslint-ignore-begin */","        local.assetsDict['/assets.npmtest_bearcat.rollup.js'] =","            local.assetsDict['/assets.npmtest_bearcat.rollup.js'] ||","            local.fs.readFileSync(","                local.npmtest_bearcat.__dirname + '/lib.npmtest_bearcat.js',","                'utf8'","            ).replace((/^#!/), '//');","        /* jslint-ignore-end */","        local.assetsDict['/favicon.ico'] = local.assetsDict['/favicon.ico'] || '';","        // if $npm_config_timeout_exit exists,","        // then exit this process after $npm_config_timeout_exit ms","        if (Number(process.env.npm_config_timeout_exit)) {","            setTimeout(process.exit, Number(process.env.npm_config_timeout_exit));","        }","        // start server","        if (local.global.utility2_serverHttp1) {","            break;","        }","        process.env.PORT = process.env.PORT || '8081';","        console.error('server starting on port ' + process.env.PORT);","        local.http.createServer(function (request, response) {","            request.urlParsed = local.url.parse(request.url);","            if (local.assetsDict[request.urlParsed.pathname] !== undefined) {","                response.end(local.assetsDict[request.urlParsed.pathname]);","                return;","            }","            response.statusCode = 404;","            response.end();","        }).listen(process.env.PORT);","        break;","    }","}());",""],"l":{"26":2,"28":2,"33":2,"35":2,"37":2,"38":2,"39":2,"44":1,"51":2,"55":2,"59":2,"61":2,"69":1,"70":2,"76":2,"79":2,"82":2,"83":2,"85":1,"89":2,"92":1,"93":1,"94":1,"96":1,"97":1,"100":1,"101":1,"103":1,"106":1,"108":2,"114":1,"116":1,"118":1,"123":1,"124":2,"125":2,"126":3,"127":3,"128":3,"129":3,"130":1,"133":3,"134":3,"139":3,"143":1,"144":3,"145":1,"149":1,"150":1,"158":1,"160":1,"161":1,"162":1,"164":1,"166":1,"258":1,"259":1,"271":1,"274":6,"275":6,"277":1,"279":2,"281":1,"283":2,"288":1,"289":1,"291":1,"296":1,"303":1,"306":1,"307":1,"310":1,"311":1,"313":1,"314":1,"315":1,"316":1,"317":1,"318":1,"319":1,"321":1,"322":1,"324":1}},"/home/travis/build/npmtest/node-npmtest-bearcat/node_modules/bearcat/index.js":{"path":"/home/travis/build/npmtest/node-npmtest-bearcat/node_modules/bearcat/index.js","s":{"1":1,"2":1},"b":{},"f":{},"fnMap":{},"statementMap":{"1":{"start":{"line":1,"column":0},"end":{"line":1,"column":34}},"2":{"start":{"line":3,"column":0},"end":{"line":3,"column":42}}},"branchMap":{},"code":["require('./lib/util/requireUtil');","","module.exports = require('./lib/bearcat');"],"l":{"1":1,"3":1}},"/home/travis/build/npmtest/node-npmtest-bearcat/node_modules/bearcat/lib/util/requireUtil.js":{"path":"/home/travis/build/npmtest/node-npmtest-bearcat/node_modules/bearcat/lib/util/requireUtil.js","s":{"1":1,"2":1,"3":1,"4":1,"5":1,"6":1,"7":0,"8":1,"9":1,"10":1,"11":1,"12":0,"13":1,"14":4,"15":4,"16":4,"17":0,"18":1,"19":2,"20":2,"21":2,"22":0,"23":1},"b":{"1":[0,1],"2":[1,0],"3":[4,0],"4":[2,0]},"f":{"1":1,"2":1,"3":4,"4":2},"fnMap":{"1":{"name":"(anonymous_1)","line":18,"loc":{"start":{"line":18,"column":1},"end":{"line":18,"column":12}}},"2":{"name":"(anonymous_2)","line":31,"loc":{"start":{"line":31,"column":25},"end":{"line":31,"column":36}}},"3":{"name":"(anonymous_3)","line":45,"loc":{"start":{"line":45,"column":27},"end":{"line":45,"column":38}}},"4":{"name":"(anonymous_4)","line":59,"loc":{"start":{"line":59,"column":27},"end":{"line":59,"column":38}}}},"statementMap":{"1":{"start":{"line":14,"column":0},"end":{"line":14,"column":50}},"2":{"start":{"line":15,"column":0},"end":{"line":15,"column":22}},"3":{"start":{"line":17,"column":0},"end":{"line":17,"column":9}},"4":{"start":{"line":18,"column":0},"end":{"line":20,"column":5}},"5":{"start":{"line":19,"column":1},"end":{"line":19,"column":13}},"6":{"start":{"line":22,"column":0},"end":{"line":24,"column":1}},"7":{"start":{"line":23,"column":1},"end":{"line":23,"column":37}},"8":{"start":{"line":31,"column":0},"end":{"line":38,"column":1}},"9":{"start":{"line":32,"column":1},"end":{"line":32,"column":24}},"10":{"start":{"line":33,"column":1},"end":{"line":37,"column":2}},"11":{"start":{"line":34,"column":2},"end":{"line":34,"column":12}},"12":{"start":{"line":36,"column":2},"end":{"line":36,"column":25}},"13":{"start":{"line":45,"column":0},"end":{"line":52,"column":1}},"14":{"start":{"line":46,"column":1},"end":{"line":46,"column":28}},"15":{"start":{"line":47,"column":1},"end":{"line":51,"column":2}},"16":{"start":{"line":48,"column":2},"end":{"line":48,"column":14}},"17":{"start":{"line":50,"column":2},"end":{"line":50,"column":27}},"18":{"start":{"line":59,"column":0},"end":{"line":66,"column":1}},"19":{"start":{"line":60,"column":1},"end":{"line":60,"column":28}},"20":{"start":{"line":61,"column":1},"end":{"line":65,"column":2}},"21":{"start":{"line":62,"column":2},"end":{"line":62,"column":14}},"22":{"start":{"line":64,"column":2},"end":{"line":64,"column":27}},"23":{"start":{"line":68,"column":0},"end":{"line":68,"column":30}}},"branchMap":{"1":{"line":22,"type":"if","locations":[{"start":{"line":22,"column":0},"end":{"line":22,"column":0}},{"start":{"line":22,"column":0},"end":{"line":22,"column":0}}]},"2":{"line":33,"type":"if","locations":[{"start":{"line":33,"column":1},"end":{"line":33,"column":1}},{"start":{"line":33,"column":1},"end":{"line":33,"column":1}}]},"3":{"line":47,"type":"if","locations":[{"start":{"line":47,"column":1},"end":{"line":47,"column":1}},{"start":{"line":47,"column":1},"end":{"line":47,"column":1}}]},"4":{"line":61,"type":"if","locations":[{"start":{"line":61,"column":1},"end":{"line":61,"column":1}},{"start":{"line":61,"column":1},"end":{"line":61,"column":1}}]}},"code":["/*!"," * .______    _______     ___      .______       ______     ___   .__________."," * (   _  )  (   ____)   /   \\     (   _  )     (      )   /   \\  (          )"," * |  |_)  ) |  |__     /  ^  \\    |  |_)  )   |  ,----'  /  ^  \\ `---|  |---`"," * |   _  <  |   __)   /  /_\\  \\   |      )    |  |      /  /_\\  \\    |  |"," * |  |_)  ) |  |____ /  _____  \\  |  |)  ----.|  `----./  _____  \\   |  |"," * (______)  (_______/__/     \\__\\ ( _| `.____) (______)__/     \\__\\  |__|"," *"," * Bearcat RequireUtils"," * Copyright(c) 2015 fantasyni <fantasyni@163.com>"," * MIT Licensed"," */","","var ShimBuiltins = require('../../shim/builtins');","var RequireUtils = {};","","var Root;","(function() {","\tRoot = this;","}());","","if (!Root.process) {","\tRoot.process = ShimBuiltins.process;","}","","/**"," * RequireUtils require os shim."," *"," * @api public"," */","RequireUtils.requireOs = function() {","\tvar os = require('os');","\tif (os) {","\t\treturn os;","\t} else {","\t\treturn ShimBuiltins.os;","\t}","}","","/**"," * RequireUtils require path shim."," *"," * @api public"," */","RequireUtils.requirePath = function() {","\tvar path = require('path');","\tif (path) {","\t\treturn path;","\t} else {","\t\treturn ShimBuiltins.path;","\t}","}","","/**"," * RequireUtils require util shim."," *"," * @api public"," */","RequireUtils.requireUtil = function() {","\tvar util = require('util');","\tif (util) {","\t\treturn util;","\t} else {","\t\treturn ShimBuiltins.util;","\t}","}","","module.exports = RequireUtils;"],"l":{"14":1,"15":1,"17":1,"18":1,"19":1,"22":1,"23":0,"31":1,"32":1,"33":1,"34":1,"36":0,"45":1,"46":4,"47":4,"48":4,"50":0,"59":1,"60":2,"61":2,"62":2,"64":0,"68":1}},"/home/travis/build/npmtest/node-npmtest-bearcat/node_modules/bearcat/shim/builtins.js":{"path":"/home/travis/build/npmtest/node-npmtest-bearcat/node_modules/bearcat/shim/builtins.js","s":{"1":1,"2":1,"3":1,"4":1,"5":1},"b":{},"f":{},"fnMap":{},"statementMap":{"1":{"start":{"line":14,"column":0},"end":{"line":14,"column":47}},"2":{"start":{"line":15,"column":0},"end":{"line":15,"column":41}},"3":{"start":{"line":16,"column":0},"end":{"line":16,"column":41}},"4":{"start":{"line":17,"column":0},"end":{"line":17,"column":37}},"5":{"start":{"line":18,"column":0},"end":{"line":18,"column":20}}},"branchMap":{},"code":["/*!"," * .______    _______     ___      .______       ______     ___   .__________."," * (   _  )  (   ____)   /   \\     (   _  )     (      )   /   \\  (          )"," * |  |_)  ) |  |__     /  ^  \\    |  |_)  )   |  ,----'  /  ^  \\ `---|  |---`"," * |   _  <  |   __)   /  /_\\  \\   |      )    |  |      /  /_\\  \\    |  |"," * |  |_)  ) |  |____ /  _____  \\  |  |)  ----.|  `----./  _____  \\   |  |"," * (______)  (_______/__/     \\__\\ ( _| `.____) (______)__/     \\__\\  |__|"," *"," * Bearcat builtins.js"," * Copyright(c) 2014 fantasyni <fantasyni@163.com>"," * MIT Licensed"," */","","exports.process = require('./modules/process');","exports.path = require('./modules/path');","exports.util = require('./modules/util');","exports.os = require('./modules/os');","require('./object');"],"l":{"14":1,"15":1,"16":1,"17":1,"18":1}},"/home/travis/build/npmtest/node-npmtest-bearcat/node_modules/bearcat/shim/modules/process.js":{"path":"/home/travis/build/npmtest/node-npmtest-bearcat/node_modules/bearcat/shim/modules/process.js","s":{"1":1,"2":1,"3":1,"4":1,"5":1,"6":1,"7":0,"8":0,"9":1,"10":1,"11":0,"12":0,"13":0,"14":0,"15":0,"16":0,"17":0,"18":0,"19":0,"20":0,"21":0,"22":1,"23":0,"24":0,"25":0,"26":0,"27":0,"28":0,"29":0,"30":0,"31":0,"32":0,"33":1,"34":0,"35":1,"36":1,"37":1,"38":1,"39":1,"40":1,"41":1,"42":1,"43":1,"44":1,"45":1,"46":1,"47":1,"48":0,"49":1,"50":0,"51":1,"52":0},"b":{"1":[1,0],"2":[1,0],"3":[1,0,0],"4":[0,1],"5":[0,1],"6":[0,0],"7":[0,1],"8":[0,0],"9":[0,0,0],"10":[0,0]},"f":{"1":1,"2":0,"3":0,"4":0,"5":0,"6":0,"7":0,"8":0,"9":0,"10":0,"11":0,"12":0},"fnMap":{"1":{"name":"(anonymous_1)","line":5,"loc":{"start":{"line":5,"column":20},"end":{"line":5,"column":31}}},"2":{"name":"(anonymous_2)","line":11,"loc":{"start":{"line":11,"column":15},"end":{"line":11,"column":27}}},"3":{"name":"(anonymous_3)","line":20,"loc":{"start":{"line":20,"column":44},"end":{"line":20,"column":55}}},"4":{"name":"(anonymous_4)","line":23,"loc":{"start":{"line":23,"column":30},"end":{"line":23,"column":43}}},"5":{"name":"nextTick","line":32,"loc":{"start":{"line":32,"column":15},"end":{"line":32,"column":37}}},"6":{"name":"(anonymous_6)","line":41,"loc":{"start":{"line":41,"column":43},"end":{"line":41,"column":56}}},"7":{"name":"nextTick","line":52,"loc":{"start":{"line":52,"column":15},"end":{"line":52,"column":37}}},"8":{"name":"nextTick","line":58,"loc":{"start":{"line":58,"column":11},"end":{"line":58,"column":33}}},"9":{"name":"noop","line":68,"loc":{"start":{"line":68,"column":0},"end":{"line":68,"column":16}}},"10":{"name":"(anonymous_10)","line":78,"loc":{"start":{"line":78,"column":18},"end":{"line":78,"column":33}}},"11":{"name":"(anonymous_11)","line":83,"loc":{"start":{"line":83,"column":14},"end":{"line":83,"column":25}}},"12":{"name":"(anonymous_12)","line":86,"loc":{"start":{"line":86,"column":16},"end":{"line":86,"column":30}}}},"statementMap":{"1":{"start":{"line":3,"column":0},"end":{"line":3,"column":34}},"2":{"start":{"line":5,"column":0},"end":{"line":61,"column":5}},"3":{"start":{"line":6,"column":4},"end":{"line":6,"column":79}},"4":{"start":{"line":7,"column":4},"end":{"line":7,"column":87}},"5":{"start":{"line":8,"column":4},"end":{"line":8,"column":97}},"6":{"start":{"line":10,"column":4},"end":{"line":14,"column":5}},"7":{"start":{"line":11,"column":8},"end":{"line":13,"column":10}},"8":{"start":{"line":12,"column":12},"end":{"line":12,"column":41}},"9":{"start":{"line":16,"column":4},"end":{"line":16,"column":19}},"10":{"start":{"line":18,"column":4},"end":{"line":38,"column":5}},"11":{"start":{"line":19,"column":8},"end":{"line":19,"column":54}},"12":{"start":{"line":20,"column":8},"end":{"line":26,"column":11}},"13":{"start":{"line":21,"column":12},"end":{"line":21,"column":42}},"14":{"start":{"line":22,"column":12},"end":{"line":22,"column":29}},"15":{"start":{"line":23,"column":12},"end":{"line":25,"column":15}},"16":{"start":{"line":24,"column":16},"end":{"line":24,"column":21}},"17":{"start":{"line":28,"column":8},"end":{"line":30,"column":11}},"18":{"start":{"line":32,"column":8},"end":{"line":37,"column":10}},"19":{"start":{"line":33,"column":12},"end":{"line":35,"column":13}},"20":{"start":{"line":34,"column":16},"end":{"line":34,"column":52}},"21":{"start":{"line":36,"column":12},"end":{"line":36,"column":27}},"22":{"start":{"line":40,"column":4},"end":{"line":56,"column":5}},"23":{"start":{"line":41,"column":8},"end":{"line":50,"column":17}},"24":{"start":{"line":42,"column":12},"end":{"line":42,"column":35}},"25":{"start":{"line":43,"column":12},"end":{"line":49,"column":13}},"26":{"start":{"line":44,"column":16},"end":{"line":44,"column":37}},"27":{"start":{"line":45,"column":16},"end":{"line":48,"column":17}},"28":{"start":{"line":46,"column":20},"end":{"line":46,"column":43}},"29":{"start":{"line":47,"column":20},"end":{"line":47,"column":25}},"30":{"start":{"line":52,"column":8},"end":{"line":55,"column":10}},"31":{"start":{"line":53,"column":12},"end":{"line":53,"column":27}},"32":{"start":{"line":54,"column":12},"end":{"line":54,"column":52}},"33":{"start":{"line":58,"column":4},"end":{"line":60,"column":6}},"34":{"start":{"line":59,"column":8},"end":{"line":59,"column":26}},"35":{"start":{"line":63,"column":0},"end":{"line":63,"column":26}},"36":{"start":{"line":64,"column":0},"end":{"line":64,"column":23}},"37":{"start":{"line":65,"column":0},"end":{"line":65,"column":17}},"38":{"start":{"line":66,"column":0},"end":{"line":66,"column":18}},"39":{"start":{"line":68,"column":0},"end":{"line":68,"column":18}},"40":{"start":{"line":70,"column":0},"end":{"line":70,"column":18}},"41":{"start":{"line":71,"column":0},"end":{"line":71,"column":27}},"42":{"start":{"line":72,"column":0},"end":{"line":72,"column":20}},"43":{"start":{"line":73,"column":0},"end":{"line":73,"column":19}},"44":{"start":{"line":74,"column":0},"end":{"line":74,"column":30}},"45":{"start":{"line":75,"column":0},"end":{"line":75,"column":34}},"46":{"start":{"line":76,"column":0},"end":{"line":76,"column":20}},"47":{"start":{"line":78,"column":0},"end":{"line":80,"column":2}},"48":{"start":{"line":79,"column":4},"end":{"line":79,"column":56}},"49":{"start":{"line":83,"column":0},"end":{"line":85,"column":2}},"50":{"start":{"line":84,"column":4},"end":{"line":84,"column":14}},"51":{"start":{"line":86,"column":0},"end":{"line":88,"column":2}},"52":{"start":{"line":87,"column":4},"end":{"line":87,"column":54}}},"branchMap":{"1":{"line":6,"type":"binary-expr","locations":[{"start":{"line":6,"column":26},"end":{"line":6,"column":55}},{"start":{"line":6,"column":59},"end":{"line":6,"column":78}}]},"2":{"line":7,"type":"binary-expr","locations":[{"start":{"line":7,"column":30},"end":{"line":7,"column":59}},{"start":{"line":7,"column":63},"end":{"line":7,"column":86}}]},"3":{"line":8,"type":"binary-expr","locations":[{"start":{"line":8,"column":18},"end":{"line":8,"column":47}},{"start":{"line":8,"column":51},"end":{"line":8,"column":69}},{"start":{"line":8,"column":73},"end":{"line":8,"column":96}}]},"4":{"line":10,"type":"if","locations":[{"start":{"line":10,"column":4},"end":{"line":10,"column":4}},{"start":{"line":10,"column":4},"end":{"line":10,"column":4}}]},"5":{"line":18,"type":"if","locations":[{"start":{"line":18,"column":4},"end":{"line":18,"column":4}},{"start":{"line":18,"column":4},"end":{"line":18,"column":4}}]},"6":{"line":33,"type":"if","locations":[{"start":{"line":33,"column":12},"end":{"line":33,"column":12}},{"start":{"line":33,"column":12},"end":{"line":33,"column":12}}]},"7":{"line":40,"type":"if","locations":[{"start":{"line":40,"column":4},"end":{"line":40,"column":4}},{"start":{"line":40,"column":4},"end":{"line":40,"column":4}}]},"8":{"line":43,"type":"if","locations":[{"start":{"line":43,"column":12},"end":{"line":43,"column":12}},{"start":{"line":43,"column":12},"end":{"line":43,"column":12}}]},"9":{"line":43,"type":"binary-expr","locations":[{"start":{"line":43,"column":17},"end":{"line":43,"column":34}},{"start":{"line":43,"column":38},"end":{"line":43,"column":53}},{"start":{"line":43,"column":58},"end":{"line":43,"column":84}}]},"10":{"line":45,"type":"if","locations":[{"start":{"line":45,"column":16},"end":{"line":45,"column":16}},{"start":{"line":45,"column":16},"end":{"line":45,"column":16}}]}},"code":["// shim for using process in browser","","var process = module.exports = {};","","process.nextTick = (function() {","    var canSetImmediate = typeof window !== 'undefined' && window.setImmediate;","    var canMutationObserver = typeof window !== 'undefined' && window.MutationObserver;","    var canPost = typeof window !== 'undefined' && window.postMessage && window.addEventListener;","","    if (canSetImmediate) {","        return function(f) {","            return window.setImmediate(f)","        };","    }","","    var queue = [];","","    if (canMutationObserver) {","        var hiddenDiv = document.createElement(\"div\");","        var observer = new MutationObserver(function() {","            var queueList = queue.slice();","            queue.length = 0;","            queueList.forEach(function(fn) {","                fn();","            });","        });","","        observer.observe(hiddenDiv, {","            attributes: true","        });","","        return function nextTick(fn) {","            if (!queue.length) {","                hiddenDiv.setAttribute('yes', 'no');","            }","            queue.push(fn);","        };","    }","","    if (canPost) {","        window.addEventListener('message', function(ev) {","            var source = ev.source;","            if ((source === window || source === null) && ev.data === 'process-tick') {","                ev.stopPropagation();","                if (queue.length > 0) {","                    var fn = queue.shift();","                    fn();","                }","            }","        }, true);","","        return function nextTick(fn) {","            queue.push(fn);","            window.postMessage('process-tick', '*');","        };","    }","","    return function nextTick(fn) {","        setTimeout(fn, 0);","    };","})();","","process.title = 'browser';","process.browser = true;","process.env = {};","process.argv = [];","","function noop() {}","","process.on = noop;","process.addListener = noop;","process.once = noop;","process.off = noop;","process.removeListener = noop;","process.removeAllListeners = noop;","process.emit = noop;","","process.binding = function(name) {","    throw new Error('process.binding is not supported');","};","","// TODO(shtylman)","process.cwd = function() {","    return '/'","};","process.chdir = function(dir) {","    throw new Error('process.chdir is not supported');","};"],"l":{"3":1,"5":1,"6":1,"7":1,"8":1,"10":1,"11":0,"12":0,"16":1,"18":1,"19":0,"20":0,"21":0,"22":0,"23":0,"24":0,"28":0,"32":0,"33":0,"34":0,"36":0,"40":1,"41":0,"42":0,"43":0,"44":0,"45":0,"46":0,"47":0,"52":0,"53":0,"54":0,"58":1,"59":0,"63":1,"64":1,"65":1,"66":1,"68":1,"70":1,"71":1,"72":1,"73":1,"74":1,"75":1,"76":1,"78":1,"79":0,"83":1,"84":0,"86":1,"87":0}},"/home/travis/build/npmtest/node-npmtest-bearcat/node_modules/bearcat/shim/modules/path.js":{"path":"/home/travis/build/npmtest/node-npmtest-bearcat/node_modules/bearcat/shim/modules/path.js","s":{"1":1,"2":0,"3":0,"4":0,"5":0,"6":0,"7":0,"8":0,"9":0,"10":0,"11":0,"12":0,"13":0,"14":0,"15":0,"16":0,"17":1,"18":1,"19":0,"20":1,"21":0,"22":0,"23":0,"24":0,"25":0,"26":0,"27":0,"28":0,"29":0,"30":0,"31":0,"32":0,"33":1,"34":0,"35":0,"36":0,"37":0,"38":0,"39":0,"40":0,"41":0,"42":1,"43":0,"44":1,"45":0,"46":0,"47":0,"48":0,"49":0,"50":1,"51":0,"52":0,"53":1,"54":0,"55":0,"56":0,"57":0,"58":0,"59":0,"60":0,"61":0,"62":0,"63":0,"64":0,"65":0,"66":0,"67":0,"68":0,"69":0,"70":0,"71":0,"72":0,"73":0,"74":0,"75":0,"76":0,"77":0,"78":1,"79":1,"80":1,"81":0,"82":0,"83":0,"84":0,"85":0,"86":0,"87":1,"88":0,"89":0,"90":0,"91":0,"92":1,"93":0,"94":1,"95":0,"96":0,"97":0,"98":0,"99":0,"100":0,"101":0,"102":1,"103":0,"104":0,"105":0,"106":0},"b":{"1":[0,0],"2":[0,0],"3":[0,0],"4":[0,0],"5":[0,0],"6":[0,0],"7":[0,0],"8":[0,0],"9":[0,0],"10":[0,0],"11":[0,0],"12":[0,0],"13":[0,0],"14":[0,0],"15":[0,0],"16":[0,0],"17":[0,0],"18":[0,0],"19":[0,0],"20":[0,0],"21":[0,0],"22":[0,0],"23":[0,0],"24":[0,0],"25":[0,0],"26":[0,0],"27":[0,0],"28":[1,0],"29":[0,0]},"f":{"1":0,"2":0,"3":0,"4":0,"5":0,"6":0,"7":0,"8":0,"9":0,"10":0,"11":0,"12":0,"13":0,"14":0,"15":0,"16":0,"17":0},"fnMap":{"1":{"name":"normalizeArray","line":26,"loc":{"start":{"line":26,"column":0},"end":{"line":26,"column":47}}},"2":{"name":"(anonymous_2)","line":56,"loc":{"start":{"line":56,"column":16},"end":{"line":56,"column":35}}},"3":{"name":"(anonymous_3)","line":62,"loc":{"start":{"line":62,"column":18},"end":{"line":62,"column":29}}},"4":{"name":"(anonymous_4)","line":84,"loc":{"start":{"line":84,"column":64},"end":{"line":84,"column":76}}},"5":{"name":"(anonymous_5)","line":93,"loc":{"start":{"line":93,"column":20},"end":{"line":93,"column":35}}},"6":{"name":"(anonymous_6)","line":98,"loc":{"start":{"line":98,"column":48},"end":{"line":98,"column":60}}},"7":{"name":"(anonymous_7)","line":113,"loc":{"start":{"line":113,"column":21},"end":{"line":113,"column":36}}},"8":{"name":"(anonymous_8)","line":118,"loc":{"start":{"line":118,"column":15},"end":{"line":118,"column":26}}},"9":{"name":"(anonymous_9)","line":120,"loc":{"start":{"line":120,"column":41},"end":{"line":120,"column":60}}},"10":{"name":"(anonymous_10)","line":131,"loc":{"start":{"line":131,"column":19},"end":{"line":131,"column":38}}},"11":{"name":"trim","line":135,"loc":{"start":{"line":135,"column":2},"end":{"line":135,"column":21}}},"12":{"name":"(anonymous_12)","line":175,"loc":{"start":{"line":175,"column":18},"end":{"line":175,"column":33}}},"13":{"name":"(anonymous_13)","line":194,"loc":{"start":{"line":194,"column":19},"end":{"line":194,"column":39}}},"14":{"name":"(anonymous_14)","line":204,"loc":{"start":{"line":204,"column":18},"end":{"line":204,"column":33}}},"15":{"name":"filter","line":208,"loc":{"start":{"line":208,"column":0},"end":{"line":208,"column":23}}},"16":{"name":"(anonymous_16)","line":218,"loc":{"start":{"line":218,"column":39},"end":{"line":218,"column":65}}},"17":{"name":"(anonymous_17)","line":220,"loc":{"start":{"line":220,"column":4},"end":{"line":220,"column":30}}}},"statementMap":{"1":{"start":{"line":26,"column":0},"end":{"line":50,"column":1}},"2":{"start":{"line":28,"column":2},"end":{"line":28,"column":13}},"3":{"start":{"line":29,"column":2},"end":{"line":40,"column":3}},"4":{"start":{"line":30,"column":4},"end":{"line":30,"column":24}},"5":{"start":{"line":31,"column":4},"end":{"line":39,"column":5}},"6":{"start":{"line":32,"column":6},"end":{"line":32,"column":25}},"7":{"start":{"line":33,"column":11},"end":{"line":39,"column":5}},"8":{"start":{"line":34,"column":6},"end":{"line":34,"column":25}},"9":{"start":{"line":35,"column":6},"end":{"line":35,"column":11}},"10":{"start":{"line":36,"column":11},"end":{"line":39,"column":5}},"11":{"start":{"line":37,"column":6},"end":{"line":37,"column":25}},"12":{"start":{"line":38,"column":6},"end":{"line":38,"column":11}},"13":{"start":{"line":43,"column":2},"end":{"line":47,"column":3}},"14":{"start":{"line":44,"column":4},"end":{"line":46,"column":5}},"15":{"start":{"line":45,"column":6},"end":{"line":45,"column":26}},"16":{"start":{"line":49,"column":2},"end":{"line":49,"column":15}},"17":{"start":{"line":54,"column":0},"end":{"line":55,"column":66}},"18":{"start":{"line":56,"column":0},"end":{"line":58,"column":2}},"19":{"start":{"line":57,"column":2},"end":{"line":57,"column":45}},"20":{"start":{"line":62,"column":0},"end":{"line":89,"column":2}},"21":{"start":{"line":63,"column":2},"end":{"line":64,"column":29}},"22":{"start":{"line":66,"column":2},"end":{"line":78,"column":3}},"23":{"start":{"line":67,"column":4},"end":{"line":67,"column":55}},"24":{"start":{"line":70,"column":4},"end":{"line":74,"column":5}},"25":{"start":{"line":71,"column":6},"end":{"line":71,"column":71}},"26":{"start":{"line":72,"column":11},"end":{"line":74,"column":5}},"27":{"start":{"line":73,"column":6},"end":{"line":73,"column":15}},"28":{"start":{"line":76,"column":4},"end":{"line":76,"column":45}},"29":{"start":{"line":77,"column":4},"end":{"line":77,"column":46}},"30":{"start":{"line":84,"column":2},"end":{"line":86,"column":35}},"31":{"start":{"line":85,"column":4},"end":{"line":85,"column":15}},"32":{"start":{"line":88,"column":2},"end":{"line":88,"column":63}},"33":{"start":{"line":93,"column":0},"end":{"line":110,"column":2}},"34":{"start":{"line":94,"column":2},"end":{"line":95,"column":45}},"35":{"start":{"line":98,"column":2},"end":{"line":100,"column":29}},"36":{"start":{"line":99,"column":4},"end":{"line":99,"column":15}},"37":{"start":{"line":102,"column":2},"end":{"line":104,"column":3}},"38":{"start":{"line":103,"column":4},"end":{"line":103,"column":15}},"39":{"start":{"line":105,"column":2},"end":{"line":107,"column":3}},"40":{"start":{"line":106,"column":4},"end":{"line":106,"column":16}},"41":{"start":{"line":109,"column":2},"end":{"line":109,"column":40}},"42":{"start":{"line":113,"column":0},"end":{"line":115,"column":2}},"43":{"start":{"line":114,"column":2},"end":{"line":114,"column":32}},"44":{"start":{"line":118,"column":0},"end":{"line":126,"column":2}},"45":{"start":{"line":119,"column":2},"end":{"line":119,"column":55}},"46":{"start":{"line":120,"column":2},"end":{"line":125,"column":16}},"47":{"start":{"line":121,"column":4},"end":{"line":123,"column":5}},"48":{"start":{"line":122,"column":6},"end":{"line":122,"column":68}},"49":{"start":{"line":124,"column":4},"end":{"line":124,"column":13}},"50":{"start":{"line":131,"column":0},"end":{"line":170,"column":2}},"51":{"start":{"line":132,"column":2},"end":{"line":132,"column":41}},"52":{"start":{"line":133,"column":2},"end":{"line":133,"column":37}},"53":{"start":{"line":135,"column":2},"end":{"line":148,"column":3}},"54":{"start":{"line":136,"column":4},"end":{"line":136,"column":18}},"55":{"start":{"line":137,"column":4},"end":{"line":139,"column":5}},"56":{"start":{"line":138,"column":6},"end":{"line":138,"column":35}},"57":{"start":{"line":138,"column":29},"end":{"line":138,"column":35}},"58":{"start":{"line":141,"column":4},"end":{"line":141,"column":29}},"59":{"start":{"line":142,"column":4},"end":{"line":144,"column":5}},"60":{"start":{"line":143,"column":6},"end":{"line":143,"column":33}},"61":{"start":{"line":143,"column":27},"end":{"line":143,"column":33}},"62":{"start":{"line":146,"column":4},"end":{"line":146,"column":31}},"63":{"start":{"line":146,"column":21},"end":{"line":146,"column":31}},"64":{"start":{"line":147,"column":4},"end":{"line":147,"column":45}},"65":{"start":{"line":150,"column":2},"end":{"line":150,"column":40}},"66":{"start":{"line":151,"column":2},"end":{"line":151,"column":36}},"67":{"start":{"line":153,"column":2},"end":{"line":153,"column":58}},"68":{"start":{"line":154,"column":2},"end":{"line":154,"column":31}},"69":{"start":{"line":155,"column":2},"end":{"line":160,"column":3}},"70":{"start":{"line":156,"column":4},"end":{"line":159,"column":5}},"71":{"start":{"line":157,"column":6},"end":{"line":157,"column":26}},"72":{"start":{"line":158,"column":6},"end":{"line":158,"column":12}},"73":{"start":{"line":162,"column":2},"end":{"line":162,"column":23}},"74":{"start":{"line":163,"column":2},"end":{"line":165,"column":3}},"75":{"start":{"line":164,"column":4},"end":{"line":164,"column":27}},"76":{"start":{"line":167,"column":2},"end":{"line":167,"column":67}},"77":{"start":{"line":169,"column":2},"end":{"line":169,"column":31}},"78":{"start":{"line":172,"column":0},"end":{"line":172,"column":18}},"79":{"start":{"line":173,"column":0},"end":{"line":173,"column":24}},"80":{"start":{"line":175,"column":0},"end":{"line":191,"column":2}},"81":{"start":{"line":176,"column":2},"end":{"line":178,"column":20}},"82":{"start":{"line":180,"column":2},"end":{"line":183,"column":3}},"83":{"start":{"line":182,"column":4},"end":{"line":182,"column":15}},"84":{"start":{"line":185,"column":2},"end":{"line":188,"column":3}},"85":{"start":{"line":187,"column":4},"end":{"line":187,"column":40}},"86":{"start":{"line":190,"column":2},"end":{"line":190,"column":20}},"87":{"start":{"line":194,"column":0},"end":{"line":201,"column":2}},"88":{"start":{"line":195,"column":2},"end":{"line":195,"column":29}},"89":{"start":{"line":197,"column":2},"end":{"line":199,"column":3}},"90":{"start":{"line":198,"column":4},"end":{"line":198,"column":43}},"91":{"start":{"line":200,"column":2},"end":{"line":200,"column":11}},"92":{"start":{"line":204,"column":0},"end":{"line":206,"column":2}},"93":{"start":{"line":205,"column":2},"end":{"line":205,"column":28}},"94":{"start":{"line":208,"column":0},"end":{"line":215,"column":1}},"95":{"start":{"line":209,"column":2},"end":{"line":209,"column":37}},"96":{"start":{"line":209,"column":17},"end":{"line":209,"column":37}},"97":{"start":{"line":210,"column":2},"end":{"line":210,"column":15}},"98":{"start":{"line":211,"column":2},"end":{"line":213,"column":3}},"99":{"start":{"line":212,"column":4},"end":{"line":212,"column":41}},"100":{"start":{"line":212,"column":25},"end":{"line":212,"column":41}},"101":{"start":{"line":214,"column":2},"end":{"line":214,"column":13}},"102":{"start":{"line":218,"column":0},"end":{"line":223,"column":2}},"103":{"start":{"line":219,"column":2},"end":{"line":219,"column":31}},"104":{"start":{"line":221,"column":2},"end":{"line":221,"column":44}},"105":{"start":{"line":221,"column":17},"end":{"line":221,"column":44}},"106":{"start":{"line":222,"column":2},"end":{"line":222,"column":32}}},"branchMap":{"1":{"line":31,"type":"if","locations":[{"start":{"line":31,"column":4},"end":{"line":31,"column":4}},{"start":{"line":31,"column":4},"end":{"line":31,"column":4}}]},"2":{"line":33,"type":"if","locations":[{"start":{"line":33,"column":11},"end":{"line":33,"column":11}},{"start":{"line":33,"column":11},"end":{"line":33,"column":11}}]},"3":{"line":36,"type":"if","locations":[{"start":{"line":36,"column":11},"end":{"line":36,"column":11}},{"start":{"line":36,"column":11},"end":{"line":36,"column":11}}]},"4":{"line":43,"type":"if","locations":[{"start":{"line":43,"column":2},"end":{"line":43,"column":2}},{"start":{"line":43,"column":2},"end":{"line":43,"column":2}}]},"5":{"line":66,"type":"binary-expr","locations":[{"start":{"line":66,"column":37},"end":{"line":66,"column":44}},{"start":{"line":66,"column":48},"end":{"line":66,"column":65}}]},"6":{"line":67,"type":"cond-expr","locations":[{"start":{"line":67,"column":26},"end":{"line":67,"column":38}},{"start":{"line":67,"column":41},"end":{"line":67,"column":54}}]},"7":{"line":70,"type":"if","locations":[{"start":{"line":70,"column":4},"end":{"line":70,"column":4}},{"start":{"line":70,"column":4},"end":{"line":70,"column":4}}]},"8":{"line":72,"type":"if","locations":[{"start":{"line":72,"column":11},"end":{"line":72,"column":11}},{"start":{"line":72,"column":11},"end":{"line":72,"column":11}}]},"9":{"line":88,"type":"binary-expr","locations":[{"start":{"line":88,"column":10},"end":{"line":88,"column":54}},{"start":{"line":88,"column":59},"end":{"line":88,"column":62}}]},"10":{"line":88,"type":"cond-expr","locations":[{"start":{"line":88,"column":30},"end":{"line":88,"column":33}},{"start":{"line":88,"column":36},"end":{"line":88,"column":38}}]},"11":{"line":102,"type":"if","locations":[{"start":{"line":102,"column":2},"end":{"line":102,"column":2}},{"start":{"line":102,"column":2},"end":{"line":102,"column":2}}]},"12":{"line":102,"type":"binary-expr","locations":[{"start":{"line":102,"column":6},"end":{"line":102,"column":11}},{"start":{"line":102,"column":15},"end":{"line":102,"column":26}}]},"13":{"line":105,"type":"if","locations":[{"start":{"line":105,"column":2},"end":{"line":105,"column":2}},{"start":{"line":105,"column":2},"end":{"line":105,"column":2}}]},"14":{"line":105,"type":"binary-expr","locations":[{"start":{"line":105,"column":6},"end":{"line":105,"c
[...]
he prefix path","\t\tcategoryName = categoryName.replace(process.cwd(), '');","\t}","\tvar levels = ['log', 'debug', 'info', 'warn', 'error', 'trace'];","","\tvar logger = {};","\tif (checkCocos2dJsb()) {","\t\tfor (var i = 0; i < levels.length; i++) {","\t\t\tvar level = levels[i];","\t\t\tif (cc[level]) {","\t\t\t\tlogger[level] = cc[level];","\t\t\t} else {","\t\t\t\tlogger[level] = cc.log;","\t\t\t}","\t\t}","\t} else {","\t\tlogger = console;","\t}","","\tvar pLogger = {};","\tfor (var key in logger) {","\t\tpLogger[key] = logger[key];","\t}","","\tfor (var i = 0; i < levels.length; i++) {","\t\t(function(item) {","\t\t\tpLogger[item] = function() {","\t\t\t\tvar p = \"\";","\t\t\t\tif (!process.env.RAW_MESSAGE) {","\t\t\t\t\tif (args.length > 1) {","\t\t\t\t\t\tp = \"[\" + prefix + \"] \";","\t\t\t\t\t}","\t\t\t\t\tif (args.length && process.env.LOGGER_LINE) {","\t\t\t\t\t\tp = getLine() + \": \" + p;","\t\t\t\t\t}","\t\t\t\t}","","\t\t\t\tif (args.length) {","\t\t\t\t\targuments[0] = p + arguments[0];","\t\t\t\t}","","\t\t\t\tlogger[item].apply(logger, arguments);","\t\t\t}","\t\t})(levels[i]);","\t}","","\treturn pLogger;","};","","function checkCocos2dJsb() {","\tif (typeof cc !== 'undefined' && cc && cc.sys && cc.sys.isNative) {","\t\treturn true;","\t}","","\treturn false;","}","","module.exports = {","\tgetLogger: getLogger","}"],"l":{"14":1,"15":0,"16":0,"19":0,"20":0,"21":0,"22":0,"23":0,"25":0,"27":0,"29":0,"31":0,"33":0,"34":0,"35":0,"36":0,"37":0,"38":0,"40":0,"44":0,"47":0,"48":0,"49":0,"52":0,"53":0,"54":0,"55":0,"56":0,"57":0,"58":0,"60":0,"61":0,"65":0,"66":0,"69":0,"74":0,"77":1,"78":0,"79":0,"82":0,"85":1}},"/home/travis/build/npmtest/node-npmtest-bearcat/node_modules/bearcat/lib/model/constraints/max.js":{"path":"/home/travis/build/npmtest/node-npmtest-bearcat/node_modules/bearcat/lib/model/constraints/max.js","s":{"1":1,"2":1,"3":1,"4":0,"5":0,"6":0,"7":1,"8":0,"9":0,"10":0,"11":0,"12":0,"13":0,"14":0,"15":0,"16":0,"17":1},"b":{"1":[0,0],"2":[0,0],"3":[0,0]},"f":{"1":0,"2":0},"fnMap":{"1":{"name":"(anonymous_1)","line":22,"loc":{"start":{"line":22,"column":20},"end":{"line":22,"column":31}}},"2":{"name":"(anonymous_2)","line":36,"loc":{"start":{"line":36,"column":35},"end":{"line":36,"column":56}}}},"statementMap":{"1":{"start":{"line":14,"column":0},"end":{"line":14,"column":40}},"2":{"start":{"line":15,"column":0},"end":{"line":15,"column":27}},"3":{"start":{"line":22,"column":0},"end":{"line":26,"column":1}},"4":{"start":{"line":23,"column":1},"end":{"line":23,"column":19}},"5":{"start":{"line":24,"column":1},"end":{"line":24,"column":84}},"6":{"start":{"line":25,"column":1},"end":{"line":25,"column":17}},"7":{"start":{"line":36,"column":0},"end":{"line":52,"column":1}},"8":{"start":{"line":37,"column":1},"end":{"line":37,"column":28}},"9":{"start":{"line":38,"column":1},"end":{"line":38,"column":20}},"10":{"start":{"line":40,"column":1},"end":{"line":43,"column":2}},"11":{"start":{"line":41,"column":2},"end":{"line":41,"column":22}},"12":{"start":{"line":42,"column":2},"end":{"line":42,"column":17}},"13":{"start":{"line":45,"column":1},"end":{"line":47,"column":2}},"14":{"start":{"line":46,"column":2},"end":{"line":46,"column":9}},"15":{"start":{"line":49,"column":1},"end":{"line":51,"column":2}},"16":{"start":{"line":50,"column":2},"end":{"line":50,"column":58}},"17":{"start":{"line":54,"column":0},"end":{"line":54,"column":31}}},"branchMap":{"1":{"line":40,"type":"if","locations":[{"start":{"line":40,"column":1},"end":{"line":40,"column":1}},{"start":{"line":40,"column":1},"end":{"line":40,"column":1}}]},"2":{"line":45,"type":"if","locations":[{"start":{"line":45,"column":1},"end":{"line":45,"column":1}},{"start":{"line":45,"column":1},"end":{"line":45,"column":1}}]},"3":{"line":49,"type":"if","locations":[{"start":{"line":49,"column":1},"end":{"line":49,"column":1}},{"start":{"line":49,"column":1},"end":{"line":49,"column":1}}]}},"code":["/*!"," * .______    _______     ___      .______       ______     ___   .__________."," * (   _  )  (   ____)   /   \\     (   _  )     (      )   /   \\  (          )"," * |  |_)  ) |  |__     /  ^  \\    |  |_)  )   |  ,----'  /  ^  \\ `---|  |---`"," * |   _  <  |   __)   /  /_\\  \\   |      )    |  |      /  /_\\  \\    |  |"," * |  |_)  ) |  |____ /  _____  \\  |  |)  ----.|  `----./  _____  \\   |  |"," * (______)  (_______/__/     \\__\\ ( _| `.____) (______)__/     \\__\\  |__|"," *"," * Bearcat MaxConstraint"," * Copyright(c) 2015 fantasyni <fantasyni@163.com>"," * MIT Licensed"," */","","var Utils = require('../../util/utils');","var Util = require('util');","","/**"," * MaxConstraint constructor function."," *"," * @api public"," */","var MaxConstraint = function() {","\tthis.$cid = \"max\";","\tthis.message = \"[MaxConstraint] key: %s value %d is bigger than the max value: %d\";","\tthis.max = null;","}","","/**"," * MaxConstraint validate function."," *"," * @param   {String} key"," * @param   {Number} value"," * @return  {Object} Error object"," * @api public"," */","MaxConstraint.prototype.validate = function(key, value) {","\tvar message = this.message;","\tvar max = this.max;","","\tif (!Utils.checkNumber(max)) {","\t\tmax = parseInt(max);","\t\tthis.max = max;","\t}","","\tif (!Utils.checkNumber(value)) {","\t\treturn;","\t}","","\tif (value > max) {","\t\treturn new Error(Util.format(message, key, value, max));","\t}","}","","module.exports = MaxConstraint;"],"l":{"14":1,"15":1,"22":1,"23":0,"24":0,"25":0,"36":1,"37":0,"38":0,"40":0,"41":0,"42":0,"45":0,"46":0,"49":0,"50":0,"54":1}},"/home/travis/build/npmtest/node-npmtest-bearcat/node_modules/bearcat/lib/model/constraints/notNull.js":{"path":"/home/travis/build/npmtest/node-npmtest-bearcat/node_modules/bearcat/lib/model/constraints/notNull.js","s":{"1":1,"2":1,"3":1,"4":0,"5":0,"6":1,"7":0,"8":0,"9":0,"10":1},"b":{"1":[0,0]},"f":{"1":0,"2":0},"fnMap":{"1":{"name":"(anonymous_1)","line":22,"loc":{"start":{"line":22,"column":24},"end":{"line":22,"column":35}}},"2":{"name":"(anonymous_2)","line":35,"loc":{"start":{"line":35,"column":39},"end":{"line":35,"column":60}}}},"statementMap":{"1":{"start":{"line":14,"column":0},"end":{"line":14,"column":40}},"2":{"start":{"line":15,"column":0},"end":{"line":15,"column":27}},"3":{"start":{"line":22,"column":0},"end":{"line":25,"column":1}},"4":{"start":{"line":23,"column":1},"end":{"line":23,"column":23}},"5":{"start":{"line":24,"column":1},"end":{"line":24,"column":77}},"6":{"start":{"line":35,"column":0},"end":{"line":40,"column":1}},"7":{"start":{"line":36,"column":1},"end":{"line":36,"column":28}},"8":{"start":{"line":37,"column":1},"end":{"line":39,"column":2}},"9":{"start":{"line":38,"column":2},"end":{"line":38,"column":53}},"10":{"start":{"line":42,"column":0},"end":{"line":42,"column":35}}},"branchMap":{"1":{"line":37,"type":"if","locations":[{"start":{"line":37,"column":1},"end":{"line":37,"column":1}},{"start":{"line":37,"column":1},"end":{"line":37,"column":1}}]}},"code":["/*!"," * .______    _______     ___      .______       ______     ___   .__________."," * (   _  )  (   ____)   /   \\     (   _  )     (      )   /   \\  (          )"," * |  |_)  ) |  |__     /  ^  \\    |  |_)  )   |  ,----'  /  ^  \\ `---|  |---`"," * |   _  <  |   __)   /  /_\\  \\   |      )    |  |      /  /_\\  \\    |  |"," * |  |_)  ) |  |____ /  _____  \\  |  |)  ----.|  `----./  _____  \\   |  |"," * (______)  (_______/__/     \\__\\ ( _| `.____) (______)__/     \\__\\  |__|"," *"," * Bearcat NotNullConstraint"," * Copyright(c) 2015 fantasyni <fantasyni@163.com>"," * MIT Licensed"," */","","var Utils = require('../../util/utils');","var Util = require('util');","","/**"," * NotNullConstraint constructor function."," *"," * @api public"," */","var NotNullConstraint = function() {","\tthis.$cid = \"notNull\";","\tthis.message = \"[NotNullConstraint] key: %s must be not null for value: %s\";","}","","/**"," * NotNullConstraint validate function."," *"," * @param   {String} key"," * @param   {Number} value"," * @return  {Object} Error object"," * @api public"," */","NotNullConstraint.prototype.validate = function(key, value) {","\tvar message = this.message;","\tif (!Utils.isNotNull(value)) {","\t\treturn new Error(Util.format(message, key, value));","\t}","}","","module.exports = NotNullConstraint;"],"l":{"14":1,"15":1,"22":1,"23":0,"24":0,"35":1,"36":0,"37":0,"38":0,"42":1}},"/home/travis/build/npmtest/node-npmtest-bearcat/node_modules/bearcat/lib/model/constraints/null.js":{"path":"/home/travis/build/npmtest/node-npmtest-bearcat/node_modules/bearcat/lib/model/constraints/null.js","s":{"1":1,"2":1,"3":1,"4":0,"5":0,"6":1,"7":0,"8":0,"9":0,"10":1},"b":{"1":[0,0]},"f":{"1":0,"2":0},"fnMap":{"1":{"name":"(anonymous_1)","line":22,"loc":{"start":{"line":22,"column":21},"end":{"line":22,"column":32}}},"2":{"name":"(anonymous_2)","line":35,"loc":{"start":{"line":35,"column":36},"end":{"line":35,"column":57}}}},"statementMap":{"1":{"start":{"line":14,"column":0},"end":{"line":14,"column":40}},"2":{"start":{"line":15,"column":0},"end":{"line":15,"column":27}},"3":{"start":{"line":22,"column":0},"end":{"line":25,"column":1}},"4":{"start":{"line":23,"column":1},"end":{"line":23,"column":20}},"5":{"start":{"line":24,"column":1},"end":{"line":24,"column":70}},"6":{"start":{"line":35,"column":0},"end":{"line":40,"column":1}},"7":{"start":{"line":36,"column":1},"end":{"line":36,"column":28}},"8":{"start":{"line":37,"column":1},"end":{"line":39,"column":2}},"9":{"start":{"line":38,"column":2},"end":{"line":38,"column":53}},"10":{"start":{"line":42,"column":0},"end":{"line":42,"column":32}}},"branchMap":{"1":{"line":37,"type":"if","locations":[{"start":{"line":37,"column":1},"end":{"line":37,"column":1}},{"start":{"line":37,"column":1},"end":{"line":37,"column":1}}]}},"code":["/*!"," * .______    _______     ___      .______       ______     ___   .__________."," * (   _  )  (   ____)   /   \\     (   _  )     (      )   /   \\  (          )"," * |  |_)  ) |  |__     /  ^  \\    |  |_)  )   |  ,----'  /  ^  \\ `---|  |---`"," * |   _  <  |   __)   /  /_\\  \\   |      )    |  |      /  /_\\  \\    |  |"," * |  |_)  ) |  |____ /  _____  \\  |  |)  ----.|  `----./  _____  \\   |  |"," * (______)  (_______/__/     \\__\\ ( _| `.____) (______)__/     \\__\\  |__|"," *"," * Bearcat NullConstraint"," * Copyright(c) 2015 fantasyni <fantasyni@163.com>"," * MIT Licensed"," */","","var Utils = require('../../util/utils');","var Util = require('util');","","/**"," * NullConstraint constructor function."," *"," * @api public"," */","var NullConstraint = function() {","\tthis.$cid = \"null\";","\tthis.message = \"[NullConstraint] key: %s must be null for value: %s\";","}","","/**"," * NullConstraint validate function."," *"," * @param   {String} key"," * @param   {Number} value"," * @return  {Object} Error object"," * @api public"," */","NullConstraint.prototype.validate = function(key, value) {","\tvar message = this.message;","\tif (Utils.isNotNull(value)) {","\t\treturn new Error(Util.format(message, key, value));","\t}","}","","module.exports = NullConstraint;"],"l":{"14":1,"15":1,"22":1,"23":0,"24":0,"35":1,"36":0,"37":0,"38":0,"42":1}},"/home/travis/build/npmtest/node-npmtest-bearcat/node_modules/bearcat/lib/model/constraints/pattern.js":{"path":"/home/travis/build/npmtest/node-npmtest-bearcat/node_modules/bearcat/lib/model/constraints/pattern.js","s":{"1":1,"2":1,"3":1,"4":0,"5":0,"6":0,"7":1,"8":0,"9":0,"10":0,"11":0,"12":0,"13":0,"14":0,"15":1},"b":{"1":[0,0],"2":[0,0],"3":[0,0]},"f":{"1":0,"2":0},"fnMap":{"1":{"name":"(anonymous_1)","line":22,"loc":{"start":{"line":22,"column":24},"end":{"line":22,"column":35}}},"2":{"name":"(anonymous_2)","line":36,"loc":{"start":{"line":36,"column":39},"end":{"line":36,"column":60}}}},"statementMap":{"1":{"start":{"line":14,"column":0},"end":{"line":14,"column":40}},"2":{"start":{"line":15,"column":0},"end":{"line":15,"column":27}},"3":{"start":{"line":22,"column":0},"end":{"line":26,"column":1}},"4":{"start":{"line":23,"column":1},"end":{"line":23,"column":23}},"5":{"start":{"line":24,"column":1},"end":{"line":24,"column":91}},"6":{"start":{"line":25,"column":1},"end":{"line":25,"column":20}},"7":{"start":{"line":36,"column":0},"end":{"line":49,"column":1}},"8":{"start":{"line":37,"column":1},"end":{"line":37,"column":28}},"9":{"start":{"line":38,"column":1},"end":{"line":38,"column":26}},"10":{"start":{"line":40,"column":1},"end":{"line":42,"column":2}},"11":{"start":{"line":41,"column":2},"end":{"line":41,"column":9}},"12":{"start":{"line":44,"column":1},"end":{"line":44,"column":34}},"13":{"start":{"line":46,"column":1},"end":{"line":48,"column":2}},"14":{"start":{"line":47,"column":2},"end":{"line":47,"column":61}},"15":{"start":{"line":51,"column":0},"end":{"line":51,"column":35}}},"branchMap":{"1":{"line":40,"type":"if","locations":[{"start":{"line":40,"column":1},"end":{"line":40,"column":1}},{"start":{"line":40,"column":1},"end":{"line":40,"column":1}}]},"2":{"line":40,"type":"binary-expr","locations":[{"start":{"line":40,"column":5},"end":{"line":40,"column":31}},{"start":{"line":40,"column":35},"end":{"line":40,"column":60}}]},"3":{"line":46,"type":"if","locations":[{"start":{"line":46,"column":1},"end":{"line":46,"column":1}},{"start":{"line":46,"column":1},"end":{"line":46,"column":1}}]}},"code":["/*!"," * .______    _______     ___      .______       ______     ___   .__________."," * (   _  )  (   ____)   /   \\     (   _  )     (      )   /   \\  (          )"," * |  |_)  ) |  |__     /  ^  \\    |  |_)  )   |  ,----'  /  ^  \\ `---|  |---`"," * |   _  <  |   __)   /  /_\\  \\   |      )    |  |      /  /_\\  \\    |  |"," * |  |_)  ) |  |____ /  _____  \\  |  |)  ----.|  `----./  _____  \\   |  |"," * (______)  (_______/__/     \\__\\ ( _| `.____) (______)__/     \\__\\  |__|"," *"," * Bearcat PatternConstraint"," * Copyright(c) 2015 fantasyni <fantasyni@163.com>"," * MIT Licensed"," */","","var Utils = require('../../util/utils');","var Util = require('util');","","/**"," * PatternConstraint constructor function."," *"," * @api public"," */","var PatternConstraint = function() {","\tthis.$cid = \"pattern\";","\tthis.message = \"[PatternConstraint] key: %s value: %s is not matched with the pattern %s\";","\tthis.regexp = null;","}","","/**"," * PatternConstraint validate function."," *"," * @param   {String} key"," * @param   {Number} value"," * @return  {Object} Error object"," * @api public"," */","PatternConstraint.prototype.validate = function(key, value) {","\tvar message = this.message;","\tvar regexp = this.regexp;","","\tif (!Utils.checkString(regexp) || !Utils.checkString(value)) {","\t\treturn;","\t}","","\tvar pattern = new RegExp(regexp);","","\tif (!value.match(pattern)) {","\t\treturn new Error(Util.format(message, key, value, regexp));","\t}","}","","module.exports = PatternConstraint;"],"l":{"14":1,"15":1,"22":1,"23":0,"24":0,"25":0,"36":1,"37":0,"38":0,"40":0,"41":0,"44":0,"46":0,"47":0,"51":1}},"/home/travis/build/npmtest/node-npmtest-bearcat/node_modules/bearcat/lib/model/constraints/size.js":{"path":"/home/travis/build/npmtest/node-npmtest-bearcat/node_modules/bearcat/lib/model/constraints/size.js","s":{"1":1,"2":1,"3":1,"4":0,"5":0,"6":0,"7":0,"8":0,"9":1,"10":0,"11":0,"12":0,"13":0,"14":0,"15":0,"16":0,"17":0,"18":0,"19":0,"20":0,"21":0,"22":1},"b":{"1":[0,0],"2":[0,0],"3":[0,0],"4":[0,0],"5":[0,0]},"f":{"1":0,"2":0},"fnMap":{"1":{"name":"(anonymous_1)","line":22,"loc":{"start":{"line":22,"column":21},"end":{"line":22,"column":32}}},"2":{"name":"(anonymous_2)","line":38,"loc":{"start":{"line":38,"column":36},"end":{"line":38,"column":57}}}},"statementMap":{"1":{"start":{"line":14,"column":0},"end":{"line":14,"column":40}},"2":{"start":{"line":15,"column":0},"end":{"line":15,"column":27}},"3":{"start":{"line":22,"column":0},"end":{"line":28,"column":1}},"4":{"start":{"line":23,"column":1},"end":{"line":23,"column":20}},"5":{"start":{"line":24,"column":1},"end":{"line":24,"column":93}},"6":{"start":{"line":25,"column":1},"end":{"line":25,"column":94}},"7":{"start":{"line":26,"column":1},"end":{"line":26,"column":17}},"8":{"start":{"line":27,"column":1},"end":{"line":27,"column":17}},"9":{"start":{"line":38,"column":0},"end":{"line":60,"column":1}},"10":{"start":{"line":39,"column":1},"end":{"line":41,"column":2}},"11":{"start":{"line":40,"column":2},"end":{"line":40,"column":9}},"12":{"start":{"line":43,"column":1},"end":{"line":43,"column":34}},"13":{"start":{"line":44,"column":1},"end":{"line":44,"column":20}},"14":{"start":{"line":46,"column":1},"end":{"line":50,"column":2}},"15":{"start":{"line":47,"column":2},"end":{"line":49,"column":3}},"16":{"start":{"line":48,"column":3},"end":{"line":48,"column":62}},"17":{"start":{"line":52,"column":1},"end":{"line":52,"column":34}},"18":{"start":{"line":53,"column":1},"end":{"line":53,"column":20}},"19":{"start":{"line":55,"column":1},"end":{"line":59,"column":2}},"20":{"start":{"line":56,"column":2},"end":{"line":58,"column":3}},"21":{"start":{"line":57,"column":3},"end":{"line":57,"column":62}},"22":{"start":{"line":62,"column":0},"end":{"line":62,"column":32}}},"branchMap":{"1":{"line":39,"type":"if","locations":[{"start":{"line":39,"column":1},"end":{"line":39,"column":1}},{"start":{"line":39,"column":1},"end":{"line":39,"column":1}}]},"2":{"line":46,"type":"if","locations":[{"start":{"line":46,"column":1},"end":{"line":46,"column":1}},{"start":{"line":46,"column":1},"end":{"line":46,"column":1}}]},"3":{"line":47,"type":"if","locations":[{"start":{"line":47,"column":2},"end":{"line":47,"column":2}},{"start":{"line":47,"column":2},"end":{"line":47,"column":2}}]},"4":{"line":55,"type":"if","locations":[{"start":{"line":55,"column":1},"end":{"line":55,"column":1}},{"start":{"line":55,"column":1},"end":{"line":55,"column":1}}]},"5":{"line":56,"type":"if","locations":[{"start":{"line":56,"column":2},"end":{"line":56,"column":2}},{"start":{"line":56,"column":2},"end":{"line":56,"column":2}}]}},"code":["/*!"," * .______    _______     ___      .______       ______     ___   .__________."," * (   _  )  (   ____)   /   \\     (   _  )     (      )   /   \\  (          )"," * |  |_)  ) |  |__     /  ^  \\    |  |_)  )   |  ,----'  /  ^  \\ `---|  |---`"," * |   _  <  |   __)   /  /_\\  \\   |      )    |  |      /  /_\\  \\    |  |"," * |  |_)  ) |  |____ /  _____  \\  |  |)  ----.|  `----./  _____  \\   |  |"," * (______)  (_______/__/     \\__\\ ( _| `.____) (______)__/     \\__\\  |__|"," *"," * Bearcat SizeConstraint"," * Copyright(c) 2015 fantasyni <fantasyni@163.com>"," * MIT Licensed"," */","","var Utils = require('../../util/utils');","var Util = require('util');","","/**"," * SizeConstraint constructor function."," *"," * @api public"," */","var SizeConstraint = function() {","\tthis.$cid = \"size\";","\tthis.maxMessage = \"[SizeConstraint] key: %s value: %s length bigger than the max length %d\";","\tthis.minMessage = \"[SizeConstraint] key: %s value: %s length smaller than the min length %d\";","\tthis.max = null;","\tthis.min = null;","}","","/**"," * SizeConstraint validate function."," *"," * @param   {String} key"," * @param   {Number} value"," * @return  {Object} Error object"," * @api public"," */","SizeConstraint.prototype.validate = function(key, value) {","\tif (!Utils.checkString(value)) {","\t\treturn;","\t}","","\tvar maxMessage = this.maxMessage;","\tvar max = this.max;","","\tif (!Utils.checkNumber(max)) {","\t\tif (value.length > max) {","\t\t\treturn new Error(Util.format(maxMessage, key, value, max));","\t\t}","\t}","","\tvar minMessage = this.minMessage;","\tvar min = this.min;","","\tif (!Utils.checkNumber(min)) {","\t\tif (value.length < min) {","\t\t\treturn new Error(Util.format(minMessage, key, value, min));","\t\t}","\t}","}","","module.exports = SizeConstraint;"],"l":{"14":1,"15":1,"22":1,"23":0,"24":0,"25":0,"26":0,"27":0,"38":1,"39":0,"40":0,"43":0,"44":0,"46":0,"47":0,"48":0,"52":0,"53":0,"55":0,"56":0,"57":0,"62":1}}}